<?xml version="1.0" encoding="UTF-8"?>
<robot generator="Robot 7.0.1 (Python 3.10.11 on win32)" generated="2025-12-25T11:53:04.811632" rpa="false" schemaversion="5">
<suite id="s1" name="Api Json Actor Tests" source="C:\driver\PythonProject\PythonProject\api-framework\tests\api_json_actor_tests.robot">
<kw name="Suite Setup Steps" type="SETUP">
<kw name="Set Base Url" owner="APIKeywords">
<msg time="2025-12-25T11:53:05.108757" level="INFO">Base URL set to: http://127.0.0.1:8000</msg>
<arg>${BASE_URL}</arg>
<doc>Set the base URL for API requests</doc>
<status status="PASS" start="2025-12-25T11:53:05.107334" elapsed="0.001423"/>
</kw>
<kw name="Log" owner="BuiltIn">
<msg time="2025-12-25T11:53:05.108757" level="INFO">API Automation Framework Started</msg>
<arg>API Automation Framework Started</arg>
<doc>Logs the given message with the given level.</doc>
<status status="PASS" start="2025-12-25T11:53:05.108757" elapsed="0.000000"/>
</kw>
<doc>Setup before test suite</doc>
<status status="PASS" start="2025-12-25T11:53:05.107334" elapsed="0.001423"/>
</kw>
<test id="s1-t1" name="Test PUT Update Actor with JSON" line="101">
<kw name="Set Base Url" owner="APIKeywords">
<msg time="2025-12-25T11:53:05.109783" level="INFO">Base URL set to: http://127.0.0.1:8000</msg>
<arg>${BASE_URL}</arg>
<doc>Set the base URL for API requests</doc>
<status status="PASS" start="2025-12-25T11:53:05.108757" elapsed="0.001026"/>
</kw>
<kw name="Set Variable" owner="BuiltIn">
<msg time="2025-12-25T11:53:05.109783" level="INFO">${actor_id} = 101</msg>
<var>${actor_id}</var>
<arg>101</arg>
<doc>Returns the given values which can then be assigned to a variables.</doc>
<status status="PASS" start="2025-12-25T11:53:05.109783" elapsed="0.000000"/>
</kw>
<kw name="Create Dictionary" owner="BuiltIn">
<msg time="2025-12-25T11:53:05.109783" level="INFO">${update_payload} = {'first_name': 'SUSAN', 'last_name': 'DAVIS Jr'}</msg>
<var>${update_payload}</var>
<arg>first_name=SUSAN</arg>
<arg>last_name=DAVIS Jr</arg>
<doc>Creates and returns a dictionary based on the given ``items``.</doc>
<status status="PASS" start="2025-12-25T11:53:05.109783" elapsed="0.000000"/>
</kw>
<kw name="Perform Put Request" owner="APIKeywords">
<msg time="2025-12-25T11:53:05.141695" level="INFO">PUT request to http://127.0.0.1:8000/table/actor/101</msg>
<msg time="2025-12-25T11:53:05.141695" level="INFO">Status Code: 200</msg>
<msg time="2025-12-25T11:53:05.141695" level="INFO">Response Time: 0.029643s</msg>
<arg>${TABLE_ENDPOINT}/${actor_id}</arg>
<arg>${update_payload}</arg>
<arg>payload_type=json</arg>
<doc>Perform PUT request</doc>
<status status="PASS" start="2025-12-25T11:53:05.109783" elapsed="0.031912"/>
</kw>
<kw name="Response Status Code Should Be" owner="APIKeywords">
<msg time="2025-12-25T11:53:05.142696" level="INFO">Status code 200 matches expected 200</msg>
<arg>200</arg>
<doc>Verify response status code</doc>
<status status="PASS" start="2025-12-25T11:53:05.141695" elapsed="0.001001"/>
</kw>
<kw name="Get Response Body" owner="APIKeywords">
<msg time="2025-12-25T11:53:05.142696" level="INFO">${response} = {'actor_id': 101, 'first_name': 'SUSAN', 'last_name': 'DAVIS Jr', 'last_update': '2025-12-25T11:53:05.139690+05:30'}</msg>
<var>${response}</var>
<doc>Get the last response body</doc>
<status status="PASS" start="2025-12-25T11:53:05.142696" elapsed="0.000000"/>
</kw>
<kw name="Log" owner="BuiltIn">
<msg time="2025-12-25T11:53:05.142696" level="INFO">{'actor_id': 101, 'first_name': 'SUSAN', 'last_name': 'DAVIS Jr', 'last_update': '2025-12-25T11:53:05.139690+05:30'}</msg>
<arg>${response}</arg>
<arg>console=True</arg>
<doc>Logs the given message with the given level.</doc>
<status status="PASS" start="2025-12-25T11:53:05.142696" elapsed="0.000000"/>
</kw>
<kw name="Create Dictionary" owner="BuiltIn">
<msg time="2025-12-25T11:53:05.142696" level="INFO">${expected_resonse} = {'actor_id': '101', 'first_name': 'SUSAN', 'last_name': 'DAVIS Jr'}</msg>
<var>${expected_resonse}</var>
<arg>actor_id=101</arg>
<arg>first_name=SUSAN</arg>
<arg>last_name=DAVIS Jr</arg>
<doc>Creates and returns a dictionary based on the given ``items``.</doc>
<status status="PASS" start="2025-12-25T11:53:05.142696" elapsed="0.000000"/>
</kw>
<kw name="Should Contain Expected Keys" owner="UtilityKeywords">
<msg time="2025-12-25T11:53:05.144440" level="INFO">All expected keys and values match in actual response</msg>
<msg time="2025-12-25T11:53:05.144440" level="INFO">Verified 3 fields successfully</msg>
<arg>${response}</arg>
<arg>${expected_resonse}</arg>
<doc>Verify that actual response contains all keys and values from expected response</doc>
<status status="PASS" start="2025-12-25T11:53:05.142696" elapsed="0.001744"/>
</kw>
<kw name="Connect To Database" owner="DatabaseKeywords">
<msg time="2025-12-25T11:53:05.185382" level="INFO">Connected to database: greencycles on localhost:5432</msg>
<arg>${DB_HOST}</arg>
<arg>${DB_NAME}</arg>
<arg>${DB_USER}</arg>
<arg>${DB_PASSWORD}</arg>
<doc>Connect to PostgreSQL database</doc>
<status status="PASS" start="2025-12-25T11:53:05.144440" elapsed="0.040942"/>
</kw>
<kw name="Verify Record Change" owner="DatabaseKeywords">
<msg time="2025-12-25T11:53:05.188404" level="INFO">Query executed: SELECT * FROM actor WHERE actor_id = 101</msg>
<msg time="2025-12-25T11:53:05.188404" level="INFO">Rows returned: 1</msg>
<msg time="2025-12-25T11:53:05.188404" level="INFO">Record actor_id=101 updated: first_name changed from (any) to SUSAN</msg>
<arg>actor</arg>
<arg>actor_id</arg>
<arg>${actor_id}</arg>
<arg>first_name</arg>
<arg>(any)</arg>
<arg>SUSAN</arg>
<doc>Verify that a record was changed</doc>
<status status="PASS" start="2025-12-25T11:53:05.185382" elapsed="0.003022"/>
</kw>
<kw name="Table Row Column Value Should Be" owner="DatabaseKeywords">
<msg time="2025-12-25T11:53:05.188404" level="INFO">Query executed: SELECT last_name FROM actor WHERE actor_id = 101</msg>
<msg time="2025-12-25T11:53:05.188404" level="INFO">Rows returned: 1</msg>
<msg time="2025-12-25T11:53:05.188404" level="INFO">Column last_name = DAVIS Jr</msg>
<arg>actor</arg>
<arg>actor_id = ${actor_id}</arg>
<arg>last_name</arg>
<arg>DAVIS Jr</arg>
<doc>Verify specific column value in a row</doc>
<status status="PASS" start="2025-12-25T11:53:05.188404" elapsed="0.001000"/>
</kw>
<kw name="Disconnect From Database" owner="DatabaseKeywords">
<msg time="2025-12-25T11:53:05.189404" level="INFO">Disconnected from database</msg>
<doc>Disconnect from database</doc>
<status status="PASS" start="2025-12-25T11:53:05.189404" elapsed="0.000000"/>
</kw>
<doc>Update an existing actor and validate changes in database</doc>
<tag>Database</tag>
<tag>JSON</tag>
<tag>PUT</tag>
<status status="PASS" start="2025-12-25T11:53:05.108757" elapsed="0.080647"/>
</test>
<kw name="Suite Teardown Steps" type="TEARDOWN">
<kw name="Log" owner="BuiltIn">
<msg time="2025-12-25T11:53:05.190405" level="INFO">Test Suite Completed</msg>
<arg>Test Suite Completed</arg>
<doc>Logs the given message with the given level.</doc>
<status status="PASS" start="2025-12-25T11:53:05.190405" elapsed="0.000000"/>
</kw>
<doc>Cleanup after test suite</doc>
<status status="PASS" start="2025-12-25T11:53:05.190405" elapsed="0.000999"/>
</kw>
<doc>API Automation Tests - POST, GET, PUT, DELETE with JSON Payload</doc>
<status status="PASS" start="2025-12-25T11:53:04.813710" elapsed="0.377694"/>
</suite>
<statistics>
<total>
<stat pass="1" fail="0" skip="0">All Tests</stat>
</total>
<tag>
<stat pass="1" fail="0" skip="0">Database</stat>
<stat pass="1" fail="0" skip="0">JSON</stat>
<stat pass="1" fail="0" skip="0">PUT</stat>
</tag>
<suite>
<stat pass="1" fail="0" skip="0" id="s1" name="Api Json Actor Tests">Api Json Actor Tests</stat>
</suite>
</statistics>
<errors>
</errors>
</robot>
