<?xml version="1.0" encoding="UTF-8"?>
<robot generator="Robot 7.0.1 (Python 3.10.11 on win32)" generated="2025-12-25T11:36:32.311042" rpa="false" schemaversion="5">
<suite id="s1" name="Api Json Film Tests" source="C:\driver\PythonProject\PythonProject\api-framework\tests\api_json_film_tests.robot">
<kw name="Suite Setup Steps" type="SETUP">
<kw name="Set Base Url" owner="APIKeywords">
<msg time="2025-12-25T11:36:32.581516" level="INFO">Base URL set to: http://127.0.0.1:8000</msg>
<arg>${BASE_URL}</arg>
<doc>Set the base URL for API requests</doc>
<status status="PASS" start="2025-12-25T11:36:32.581516" elapsed="0.000000"/>
</kw>
<kw name="Log" owner="BuiltIn">
<msg time="2025-12-25T11:36:32.581516" level="INFO">API Automation Framework Started</msg>
<arg>API Automation Framework Started</arg>
<doc>Logs the given message with the given level.</doc>
<status status="PASS" start="2025-12-25T11:36:32.581516" elapsed="0.000000"/>
</kw>
<doc>Setup before test suite</doc>
<status status="PASS" start="2025-12-25T11:36:32.581516" elapsed="0.000000"/>
</kw>
<test id="s1-t1" name="Test GET Single Film" line="79">
<kw name="Set Base Url" owner="APIKeywords">
<msg time="2025-12-25T11:36:32.582516" level="INFO">Base URL set to: http://127.0.0.1:8000</msg>
<arg>${BASE_URL}</arg>
<doc>Set the base URL for API requests</doc>
<status status="PASS" start="2025-12-25T11:36:32.582516" elapsed="0.000000"/>
</kw>
<kw name="Perform Get Request" owner="APIKeywords">
<msg time="2025-12-25T11:36:32.613026" level="INFO">GET request to http://127.0.0.1:8000/table/film/1001</msg>
<msg time="2025-12-25T11:36:32.613026" level="INFO">Status Code: 200</msg>
<msg time="2025-12-25T11:36:32.613026" level="INFO">Response Time: 0.028852s</msg>
<arg>${TABLE_ENDPOINT}/1001</arg>
<doc>Perform GET request</doc>
<status status="PASS" start="2025-12-25T11:36:32.582516" elapsed="0.030510"/>
</kw>
<kw name="Response Status Code Should Be" owner="APIKeywords">
<msg time="2025-12-25T11:36:32.614033" level="INFO">Status code 200 matches expected 200</msg>
<arg>200</arg>
<doc>Verify response status code</doc>
<status status="PASS" start="2025-12-25T11:36:32.613026" elapsed="0.001007"/>
</kw>
<kw name="Get Response Body" owner="APIKeywords">
<msg time="2025-12-25T11:36:32.614033" level="INFO">${response} = {'film_id': 1001, 'title': 'Captain America', 'description': 'An updated description for Captain America movie', 'release_year': 2025, 'language_id': 1, 'original_language_id': None, 'rental_duration'...</msg>
<var>${response}</var>
<doc>Get the last response body</doc>
<status status="PASS" start="2025-12-25T11:36:32.614033" elapsed="0.000000"/>
</kw>
<kw name="Log" owner="BuiltIn">
<msg time="2025-12-25T11:36:32.614033" level="INFO">{'film_id': 1001, 'title': 'Captain America', 'description': 'An updated description for Captain America movie', 'release_year': 2025, 'language_id': 1, 'original_language_id': None, 'rental_duration': 5, 'rental_rate': 5.99, 'length': 200, 'replacement_cost': 19.99, 'rating': 'PG-13', 'last_update': '2025-12-24T11:16:56.388407+05:30', 'special_features': ['Deleted Scenes', 'Behind the Scenes'], 'fulltext': "'america':2,8 'captain':1,7 'descript':5 'movi':9 'updat':4"}</msg>
<arg>${response}</arg>
<arg>console=True</arg>
<doc>Logs the given message with the given level.</doc>
<status status="PASS" start="2025-12-25T11:36:32.614033" elapsed="0.000000"/>
</kw>
<kw name="Create Dictionary" owner="BuiltIn">
<msg time="2025-12-25T11:36:32.615032" level="INFO">${expected_resonse} = {'film_id': '1001', 'title': 'Captain America', 'description': 'An updated description for Captain America movie', 'release_year': '2025', 'rental_duration': '5', 'rental_rate': '5.99', 'replacement_c...</msg>
<var>${expected_resonse}</var>
<arg>film_id=1001</arg>
<arg>title=Captain America</arg>
<arg>description=An updated description for Captain America movie</arg>
<arg>release_year=2025</arg>
<arg>rental_duration=5</arg>
<arg>rental_rate=5.99</arg>
<arg>replacement_cost=19.99</arg>
<arg>rating=PG-13</arg>
<doc>Creates and returns a dictionary based on the given ``items``.</doc>
<status status="PASS" start="2025-12-25T11:36:32.615032" elapsed="0.000000"/>
</kw>
<kw name="Should Contain Expected Keys" owner="UtilityKeywords">
<msg time="2025-12-25T11:36:32.615032" level="INFO">All expected keys and values match in actual response</msg>
<msg time="2025-12-25T11:36:32.615032" level="INFO">Verified 8 fields successfully</msg>
<arg>${response}</arg>
<arg>${expected_resonse}</arg>
<doc>Verify that actual response contains all keys and values from expected response</doc>
<status status="PASS" start="2025-12-25T11:36:32.615032" elapsed="0.000000"/>
</kw>
<kw name="Response Json Should Contain Key" owner="APIKeywords">
<msg time="2025-12-25T11:36:32.616032" level="INFO">Response JSON contains key: film_id</msg>
<arg>film_id</arg>
<doc>Verify response JSON contains a specific key</doc>
<status status="PASS" start="2025-12-25T11:36:32.616032" elapsed="0.000000"/>
</kw>
<doc>Retrieve a specific film via GET request</doc>
<tag>GET</tag>
<tag>JSON</tag>
<status status="PASS" start="2025-12-25T11:36:32.581516" elapsed="0.034516"/>
</test>
<kw name="Suite Teardown Steps" type="TEARDOWN">
<kw name="Log" owner="BuiltIn">
<msg time="2025-12-25T11:36:32.617032" level="INFO">Test Suite Completed</msg>
<arg>Test Suite Completed</arg>
<doc>Logs the given message with the given level.</doc>
<status status="PASS" start="2025-12-25T11:36:32.617032" elapsed="0.000000"/>
</kw>
<doc>Cleanup after test suite</doc>
<status status="PASS" start="2025-12-25T11:36:32.617032" elapsed="0.000000"/>
</kw>
<doc>API Automation Tests - POST, GET, PUT, DELETE with JSON Payload</doc>
<status status="PASS" start="2025-12-25T11:36:32.313074" elapsed="0.303958"/>
</suite>
<statistics>
<total>
<stat pass="1" fail="0" skip="0">All Tests</stat>
</total>
<tag>
<stat pass="1" fail="0" skip="0">GET</stat>
<stat pass="1" fail="0" skip="0">JSON</stat>
</tag>
<suite>
<stat pass="1" fail="0" skip="0" id="s1" name="Api Json Film Tests">Api Json Film Tests</stat>
</suite>
</statistics>
<errors>
</errors>
</robot>
