<?xml version="1.0" encoding="UTF-8"?>
<robot generator="Robot 7.3.2 (Python 3.14.0 on win32)" generated="2025-12-25T11:34:42.052763" rpa="false" schemaversion="5">
<suite id="s1" name="Api Json Film Tests" source="C:\driver\PythonProject\PythonProject\api-framework\tests\api_json_film_tests.robot">
<kw name="Suite Setup Steps" type="SETUP">
<kw name="set base url">
<msg time="2025-12-25T11:34:42.102052" level="FAIL">No keyword with name 'set base url' found.</msg>
<arg>${BASE_URL}</arg>
<status status="FAIL" start="2025-12-25T11:34:42.102021" elapsed="0.000079">No keyword with name 'set base url' found.</status>
</kw>
<kw name="Log" owner="BuiltIn">
<arg>API Automation Framework Started</arg>
<doc>Logs the given message with the given level.</doc>
<status status="NOT RUN" start="2025-12-25T11:34:42.102222" elapsed="0.000020"/>
</kw>
<doc>Setup before test suite</doc>
<status status="FAIL" start="2025-12-25T11:34:42.101121" elapsed="0.001216">No keyword with name 'set base url' found.</status>
</kw>
<test id="s1-t1" name="Test GET Single Film" line="79">
<doc>Retrieve a specific film via GET request</doc>
<tag>GET</tag>
<tag>JSON</tag>
<status status="FAIL" start="2025-12-25T11:34:42.102396" elapsed="0.000337">Parent suite setup failed:
No keyword with name 'set base url' found.</status>
</test>
<kw name="Suite Teardown Steps" type="TEARDOWN">
<kw name="Log" owner="BuiltIn">
<msg time="2025-12-25T11:34:42.103982" level="INFO">Test Suite Completed</msg>
<arg>Test Suite Completed</arg>
<doc>Logs the given message with the given level.</doc>
<status status="PASS" start="2025-12-25T11:34:42.103845" elapsed="0.000201"/>
</kw>
<doc>Cleanup after test suite</doc>
<status status="PASS" start="2025-12-25T11:34:42.103617" elapsed="0.000501"/>
</kw>
<doc>API Automation Tests - POST, GET, PUT, DELETE with JSON Payload</doc>
<status status="FAIL" start="2025-12-25T11:34:42.054033" elapsed="0.050123">Suite setup failed:
No keyword with name 'set base url' found.</status>
</suite>
<statistics>
<total>
<stat pass="0" fail="1" skip="0">All Tests</stat>
</total>
<tag>
<stat pass="0" fail="1" skip="0">GET</stat>
<stat pass="0" fail="1" skip="0">JSON</stat>
</tag>
<suite>
<stat name="Api Json Film Tests" id="s1" pass="0" fail="1" skip="0">Api Json Film Tests</stat>
</suite>
</statistics>
<errors>
<msg time="2025-12-25T11:34:42.080206" level="ERROR">Error in file 'C:\driver\PythonProject\PythonProject\api-framework\tests\api_json_film_tests.robot' on line 3: Importing library 'C:\driver\PythonProject\PythonProject\api-framework\keywords\APIKeywords.py' failed: ModuleNotFoundError: No module named 'requests'
Traceback (most recent call last):
  File "C:\driver\PythonProject\PythonProject\api-framework\keywords\APIKeywords.py", line 6, in &lt;module&gt;
    import requests
PYTHONPATH:
  C:\driver\PythonProject\PythonProject\api-framework\keywords
  C:\Users\Abhinav Rai\AppData\Local\Python\pythoncore-3.14-64\Scripts\robot.exe
  C:\Users\Abhinav Rai\AppData\Local\Python\pythoncore-3.14-64\python314.zip
  C:\Users\Abhinav Rai\AppData\Local\Python\pythoncore-3.14-64\DLLs
  C:\Users\Abhinav Rai\AppData\Local\Python\pythoncore-3.14-64\Lib
  C:\Users\Abhinav Rai\AppData\Local\Python\pythoncore-3.14-64
  C:\Users\Abhinav Rai\AppData\Local\Python\pythoncore-3.14-64\Lib\site-packages</msg>
<msg time="2025-12-25T11:34:42.099476" level="ERROR">Error in file 'C:\driver\PythonProject\PythonProject\api-framework\tests\api_json_film_tests.robot' on line 5: Importing library 'C:\driver\PythonProject\PythonProject\api-framework\keywords\UtilityKeywords.py' failed: ModuleNotFoundError: No module named 'openpyxl'
Traceback (most recent call last):
  File "C:\driver\PythonProject\PythonProject\api-framework\keywords\UtilityKeywords.py", line 6, in &lt;module&gt;
    import openpyxl
PYTHONPATH:
  C:\driver\PythonProject\PythonProject\api-framework\keywords
  C:\Users\Abhinav Rai\AppData\Local\Python\pythoncore-3.14-64\Scripts\robot.exe
  C:\Users\Abhinav Rai\AppData\Local\Python\pythoncore-3.14-64\python314.zip
  C:\Users\Abhinav Rai\AppData\Local\Python\pythoncore-3.14-64\DLLs
  C:\Users\Abhinav Rai\AppData\Local\Python\pythoncore-3.14-64\Lib
  C:\Users\Abhinav Rai\AppData\Local\Python\pythoncore-3.14-64
  C:\Users\Abhinav Rai\AppData\Local\Python\pythoncore-3.14-64\Lib\site-packages</msg>
</errors>
</robot>
