<?xml version="1.0" encoding="UTF-8"?>
<robot generator="Robot 7.0.1 (Python 3.10.11 on win32)" generated="2025-12-24T11:20:31.651278" rpa="false" schemaversion="5">
<suite id="s1" name="Api Json Tests" source="C:\driver\PythonProject\PythonProject\api-framework\tests\api_json_tests.robot">
<kw name="Suite Setup Steps" type="SETUP">
<kw name="Set Base Url" owner="APIKeywords">
<msg time="2025-12-24T11:20:31.934987" level="INFO">Base URL set to: http://127.0.0.1:8000</msg>
<arg>${BASE_URL}</arg>
<doc>Set the base URL for API requests</doc>
<status status="PASS" start="2025-12-24T11:20:31.934987" elapsed="0.000000"/>
</kw>
<kw name="Log" owner="BuiltIn">
<msg time="2025-12-24T11:20:31.934987" level="INFO">API Automation Framework Started</msg>
<arg>API Automation Framework Started</arg>
<doc>Logs the given message with the given level.</doc>
<status status="PASS" start="2025-12-24T11:20:31.934987" elapsed="0.001000"/>
</kw>
<doc>Setup before test suite</doc>
<status status="PASS" start="2025-12-24T11:20:31.934987" elapsed="0.001000"/>
</kw>
<test id="s1-t1" name="Test POST Film Without Required Field" line="152">
<kw name="Set Base Url" owner="APIKeywords">
<msg time="2025-12-24T11:20:31.935987" level="INFO">Base URL set to: http://127.0.0.1:8000</msg>
<arg>${BASE_URL}</arg>
<doc>Set the base URL for API requests</doc>
<status status="PASS" start="2025-12-24T11:20:31.935987" elapsed="0.000000"/>
</kw>
<kw name="Create Dictionary" owner="BuiltIn">
<msg time="2025-12-24T11:20:31.936987" level="INFO">${invalid_payload} = {'description': 'Test GET All Films', 'release_year': '2020', 'language_id': '1', 'rental_duration': '3'}</msg>
<var>${invalid_payload}</var>
<arg>description=Test GET All Films</arg>
<arg>release_year=2020</arg>
<arg>language_id=1</arg>
<arg>rental_duration=3</arg>
<doc>Creates and returns a dictionary based on the given ``items``.</doc>
<status status="PASS" start="2025-12-24T11:20:31.935987" elapsed="0.001000"/>
</kw>
<kw name="Perform Post Request" owner="APIKeywords">
<msg time="2025-12-24T11:20:31.965987" level="INFO">POST request to http://127.0.0.1:8000/table/film</msg>
<msg time="2025-12-24T11:20:31.965987" level="INFO">Payload Type: json</msg>
<msg time="2025-12-24T11:20:31.965987" level="INFO">Status Code: 500</msg>
<msg time="2025-12-24T11:20:31.965987" level="INFO">Response Time: 0.028053s</msg>
<arg>${TABLE_ENDPOINT}</arg>
<arg>${invalid_payload}</arg>
<arg>payload_type=json</arg>
<doc>Perform POST request</doc>
<status status="PASS" start="2025-12-24T11:20:31.936987" elapsed="0.030000"/>
</kw>
<kw name="Response Status Code Should Be" owner="APIKeywords">
<msg time="2025-12-24T11:20:31.966987" level="INFO">Status code 500 matches expected 500</msg>
<arg>500</arg>
<doc>Verify response status code</doc>
<status status="PASS" start="2025-12-24T11:20:31.966987" elapsed="0.000000"/>
</kw>
<doc>Verify API validation for required fields</doc>
<tag>POST</tag>
<tag>Validation</tag>
<status status="PASS" start="2025-12-24T11:20:31.935987" elapsed="0.032001"/>
</test>
<kw name="Suite Teardown Steps" type="TEARDOWN">
<kw name="Log" owner="BuiltIn">
<msg time="2025-12-24T11:20:31.968987" level="INFO">Test Suite Completed</msg>
<arg>Test Suite Completed</arg>
<doc>Logs the given message with the given level.</doc>
<status status="PASS" start="2025-12-24T11:20:31.968987" elapsed="0.000000"/>
</kw>
<doc>Cleanup after test suite</doc>
<status status="PASS" start="2025-12-24T11:20:31.967988" elapsed="0.000999"/>
</kw>
<doc>API Automation Tests - POST, GET, PUT, DELETE with JSON Payload</doc>
<status status="PASS" start="2025-12-24T11:20:31.652277" elapsed="0.316710"/>
</suite>
<statistics>
<total>
<stat pass="1" fail="0" skip="0">All Tests</stat>
</total>
<tag>
<stat pass="1" fail="0" skip="0">POST</stat>
<stat pass="1" fail="0" skip="0">Validation</stat>
</tag>
<suite>
<stat pass="1" fail="0" skip="0" id="s1" name="Api Json Tests">Api Json Tests</stat>
</suite>
</statistics>
<errors>
</errors>
</robot>
