<?xml version="1.0" encoding="UTF-8"?>
<robot generator="Robot 7.0.1 (Python 3.10.11 on win32)" generated="2025-12-24T18:47:39.530695" rpa="false" schemaversion="5">
<suite id="s1" name="Api Json Actor Tests" source="C:\driver\PythonProject\PythonProject\api-framework\tests\api_json_actor_tests.robot">
<kw name="Suite Setup Steps" type="SETUP">
<kw name="Set Base Url" owner="APIKeywords">
<msg time="2025-12-24T18:47:39.936539" level="INFO">Base URL set to: http://127.0.0.1:8000</msg>
<arg>${BASE_URL}</arg>
<doc>Set the base URL for API requests</doc>
<status status="PASS" start="2025-12-24T18:47:39.936539" elapsed="0.000000"/>
</kw>
<kw name="Log" owner="BuiltIn">
<msg time="2025-12-24T18:47:39.936539" level="INFO">API Automation Framework Started</msg>
<arg>API Automation Framework Started</arg>
<doc>Logs the given message with the given level.</doc>
<status status="PASS" start="2025-12-24T18:47:39.936539" elapsed="0.000000"/>
</kw>
<doc>Setup before test suite</doc>
<status status="PASS" start="2025-12-24T18:47:39.935184" elapsed="0.001355"/>
</kw>
<test id="s1-t1" name="Test POST New Actor with JSON Payload" line="22">
<kw name="Read Test Data From Excel" owner="UtilityKeywords">
<msg time="2025-12-24T18:47:39.941603" level="INFO">Read 10 rows from Actors</msg>
<msg time="2025-12-24T18:47:39.941603" level="INFO">${test_data_list} = [{'first_name': 'Dilip', 'last_name': ' Kumar', 'expected_response': '  {\n    "first_name": "Dilip",\n    "last_name": "Kumar",  \n}'}, {'first_name': 'Amir ', 'last_name': 'Khan', 'expected_response...</msg>
<var>${test_data_list}</var>
<arg>${TEST_DATA_FILE}</arg>
<arg>${SHEET_NAME}</arg>
<doc>Read test data from Excel file</doc>
<status status="PASS" start="2025-12-24T18:47:39.937548" elapsed="0.004055"/>
</kw>
<for flavor="IN">
<iter>
<kw name="Create List" owner="BuiltIn">
<msg time="2025-12-24T18:47:39.942602" level="INFO">${exclude_cols} = ['expected_response']</msg>
<var>${exclude_cols}</var>
<arg>expected_response</arg>
<doc>Returns a list containing given items.</doc>
<status status="PASS" start="2025-12-24T18:47:39.942602" elapsed="0.000000"/>
</kw>
<kw name="Convert Test Data To Dict" owner="UtilityKeywords">
<msg time="2025-12-24T18:47:39.942602" level="INFO">${payload} = {'first_name': 'Dilip', 'last_name': ' Kumar'}</msg>
<var>${payload}</var>
<arg>${actor_data}</arg>
<arg>${exclude_cols}</arg>
<doc>Convert test data row to dictionary payload</doc>
<status status="PASS" start="2025-12-24T18:47:39.942602" elapsed="0.001000"/>
</kw>
<kw name="Perform Post Request" owner="APIKeywords">
<msg time="2025-12-24T18:47:39.966607" level="INFO">POST request to http://127.0.0.1:8000/table/actor</msg>
<msg time="2025-12-24T18:47:39.966607" level="INFO">Payload Type: json</msg>
<msg time="2025-12-24T18:47:39.966607" level="INFO">Status Code: 200</msg>
<msg time="2025-12-24T18:47:39.966607" level="INFO">Response Time: 0.021502s</msg>
<arg>${TABLE_ENDPOINT}</arg>
<arg>${payload}</arg>
<arg>payload_type=json</arg>
<doc>Perform POST request</doc>
<status status="PASS" start="2025-12-24T18:47:39.943602" elapsed="0.023005"/>
</kw>
<kw name="Response Status Code Should Be" owner="APIKeywords">
<msg time="2025-12-24T18:47:39.967773" level="INFO">Status code 200 matches expected 200</msg>
<arg>200</arg>
<doc>Verify response status code</doc>
<status status="PASS" start="2025-12-24T18:47:39.967773" elapsed="0.000000"/>
</kw>
<kw name="Response Json Should Contain Key" owner="APIKeywords">
<msg time="2025-12-24T18:47:39.967773" level="INFO">Response JSON contains key: actor_id</msg>
<arg>actor_id</arg>
<doc>Verify response JSON contains a specific key</doc>
<status status="PASS" start="2025-12-24T18:47:39.967773" elapsed="0.000000"/>
</kw>
<kw name="Get Response Json Value" owner="APIKeywords">
<msg time="2025-12-24T18:47:39.967773" level="INFO">${actor_id} = 214</msg>
<var>${actor_id}</var>
<arg>actor_id</arg>
<doc>Get value from response JSON by key</doc>
<status status="PASS" start="2025-12-24T18:47:39.967773" elapsed="0.000000"/>
</kw>
<kw name="Connect To Database" owner="DatabaseKeywords">
<msg time="2025-12-24T18:47:40.107162" level="INFO">Connected to database: greencycles on localhost:5432</msg>
<arg>${DB_HOST}</arg>
<arg>${DB_NAME}</arg>
<arg>${DB_USER}</arg>
<arg>${DB_PASSWORD}</arg>
<doc>Connect to PostgreSQL database</doc>
<status status="PASS" start="2025-12-24T18:47:39.967773" elapsed="0.139389"/>
</kw>
<kw name="Verify Record Created" owner="DatabaseKeywords">
<msg time="2025-12-24T18:47:40.109162" level="INFO">Query executed: SELECT COUNT(*) as count FROM actor WHERE actor_id = 214</msg>
<msg time="2025-12-24T18:47:40.109162" level="INFO">Rows returned: 1</msg>
<msg time="2025-12-24T18:47:40.109162" level="INFO">Record created in actor with actor_id=214</msg>
<arg>actor</arg>
<arg>actor_id</arg>
<arg>${actor_id}</arg>
<doc>Verify that a new record was created</doc>
<status status="PASS" start="2025-12-24T18:47:40.107162" elapsed="0.003000"/>
</kw>
<kw name="Table Row Column Value Should Be" owner="DatabaseKeywords">
<msg time="2025-12-24T18:47:40.110162" level="INFO">Query executed: SELECT first_name FROM actor WHERE actor_id = 214</msg>
<msg time="2025-12-24T18:47:40.110162" level="INFO">Rows returned: 1</msg>
<msg time="2025-12-24T18:47:40.110162" level="INFO">Column first_name = Dilip</msg>
<arg>actor</arg>
<arg>actor_id = ${actor_id}</arg>
<arg>first_name</arg>
<arg>${actor_data}[first_name]</arg>
<doc>Verify specific column value in a row</doc>
<status status="PASS" start="2025-12-24T18:47:40.110162" elapsed="0.000000"/>
</kw>
<kw name="Disconnect From Database" owner="DatabaseKeywords">
<msg time="2025-12-24T18:47:40.110162" level="INFO">Disconnected from database</msg>
<doc>Disconnect from database</doc>
<status status="PASS" start="2025-12-24T18:47:40.110162" elapsed="0.000000"/>
</kw>
<kw name="Log" owner="BuiltIn">
<msg time="2025-12-24T18:47:40.111162" level="INFO">Successfully created actor with ID: 214</msg>
<arg>Successfully created actor with ID: ${actor_id}</arg>
<doc>Logs the given message with the given level.</doc>
<status status="PASS" start="2025-12-24T18:47:40.110162" elapsed="0.001000"/>
</kw>
<var name="${actor_data}">{'first_name': 'Dilip', 'last_name': ' Kumar', 'expected_response': '  {\n    "first_name": "Dilip",\n    "last_name": "Kumar",  \n}'}</var>
<status status="PASS" start="2025-12-24T18:47:39.942602" elapsed="0.168560"/>
</iter>
<iter>
<kw name="Create List" owner="BuiltIn">
<msg time="2025-12-24T18:47:40.111162" level="INFO">${exclude_cols} = ['expected_response']</msg>
<var>${exclude_cols}</var>
<arg>expected_response</arg>
<doc>Returns a list containing given items.</doc>
<status status="PASS" start="2025-12-24T18:47:40.111162" elapsed="0.000000"/>
</kw>
<kw name="Convert Test Data To Dict" owner="UtilityKeywords">
<msg time="2025-12-24T18:47:40.111162" level="INFO">${payload} = {'first_name': 'Amir ', 'last_name': 'Khan'}</msg>
<var>${payload}</var>
<arg>${actor_data}</arg>
<arg>${exclude_cols}</arg>
<doc>Convert test data row to dictionary payload</doc>
<status status="PASS" start="2025-12-24T18:47:40.111162" elapsed="0.000000"/>
</kw>
<kw name="Perform Post Request" owner="APIKeywords">
<msg time="2025-12-24T18:47:40.117258" level="INFO">POST request to http://127.0.0.1:8000/table/actor</msg>
<msg time="2025-12-24T18:47:40.118259" level="INFO">Payload Type: json</msg>
<msg time="2025-12-24T18:47:40.118259" level="INFO">Status Code: 200</msg>
<msg time="2025-12-24T18:47:40.118259" level="INFO">Response Time: 0.005136s</msg>
<arg>${TABLE_ENDPOINT}</arg>
<arg>${payload}</arg>
<arg>payload_type=json</arg>
<doc>Perform POST request</doc>
<status status="PASS" start="2025-12-24T18:47:40.111162" elapsed="0.007097"/>
</kw>
<kw name="Response Status Code Should Be" owner="APIKeywords">
<msg time="2025-12-24T18:47:40.118259" level="INFO">Status code 200 matches expected 200</msg>
<arg>200</arg>
<doc>Verify response status code</doc>
<status status="PASS" start="2025-12-24T18:47:40.118259" elapsed="0.000000"/>
</kw>
<kw name="Response Json Should Contain Key" owner="APIKeywords">
<msg time="2025-12-24T18:47:40.118259" level="INFO">Response JSON contains key: actor_id</msg>
<arg>actor_id</arg>
<doc>Verify response JSON contains a specific key</doc>
<status status="PASS" start="2025-12-24T18:47:40.118259" elapsed="0.000000"/>
</kw>
<kw name="Get Response Json Value" owner="APIKeywords">
<msg time="2025-12-24T18:47:40.118259" level="INFO">${actor_id} = 215</msg>
<var>${actor_id}</var>
<arg>actor_id</arg>
<doc>Get value from response JSON by key</doc>
<status status="PASS" start="2025-12-24T18:47:40.118259" elapsed="0.000000"/>
</kw>
<kw name="Connect To Database" owner="DatabaseKeywords">
<msg time="2025-12-24T18:47:40.151762" level="INFO">Connected to database: greencycles on localhost:5432</msg>
<arg>${DB_HOST}</arg>
<arg>${DB_NAME}</arg>
<arg>${DB_USER}</arg>
<arg>${DB_PASSWORD}</arg>
<doc>Connect to PostgreSQL database</doc>
<status status="PASS" start="2025-12-24T18:47:40.118259" elapsed="0.033503"/>
</kw>
<kw name="Verify Record Created" owner="DatabaseKeywords">
<msg time="2025-12-24T18:47:40.153762" level="INFO">Query executed: SELECT COUNT(*) as count FROM actor WHERE actor_id = 215</msg>
<msg time="2025-12-24T18:47:40.153762" level="INFO">Rows returned: 1</msg>
<msg time="2025-12-24T18:47:40.153762" level="INFO">Record created in actor with actor_id=215</msg>
<arg>actor</arg>
<arg>actor_id</arg>
<arg>${actor_id}</arg>
<doc>Verify that a new record was created</doc>
<status status="PASS" start="2025-12-24T18:47:40.151762" elapsed="0.002000"/>
</kw>
<kw name="Table Row Column Value Should Be" owner="DatabaseKeywords">
<msg time="2025-12-24T18:47:40.154762" level="INFO">Query executed: SELECT first_name FROM actor WHERE actor_id = 215</msg>
<msg time="2025-12-24T18:47:40.154762" level="INFO">Rows returned: 1</msg>
<msg time="2025-12-24T18:47:40.154762" level="INFO">Column first_name = Amir </msg>
<arg>actor</arg>
<arg>actor_id = ${actor_id}</arg>
<arg>first_name</arg>
<arg>${actor_data}[first_name]</arg>
<doc>Verify specific column value in a row</doc>
<status status="PASS" start="2025-12-24T18:47:40.153762" elapsed="0.001000"/>
</kw>
<kw name="Disconnect From Database" owner="DatabaseKeywords">
<msg time="2025-12-24T18:47:40.154762" level="INFO">Disconnected from database</msg>
<doc>Disconnect from database</doc>
<status status="PASS" start="2025-12-24T18:47:40.154762" elapsed="0.000000"/>
</kw>
<kw name="Log" owner="BuiltIn">
<msg time="2025-12-24T18:47:40.154762" level="INFO">Successfully created actor with ID: 215</msg>
<arg>Successfully created actor with ID: ${actor_id}</arg>
<doc>Logs the given message with the given level.</doc>
<status status="PASS" start="2025-12-24T18:47:40.154762" elapsed="0.000000"/>
</kw>
<var name="${actor_data}">{'first_name': 'Amir ', 'last_name': 'Khan', 'expected_response': '  {\n    "first_name": "Amir",\n    "last_name": "Khan",  \n}'}</var>
<status status="PASS" start="2025-12-24T18:47:40.111162" elapsed="0.043600"/>
</iter>
<iter>
<kw name="Create List" owner="BuiltIn">
<msg time="2025-12-24T18:47:40.155763" level="INFO">${exclude_cols} = ['expected_response']</msg>
<var>${exclude_cols}</var>
<arg>expected_response</arg>
<doc>Returns a list containing given items.</doc>
<status status="PASS" start="2025-12-24T18:47:40.155763" elapsed="0.000000"/>
</kw>
<kw name="Convert Test Data To Dict" owner="UtilityKeywords">
<msg time="2025-12-24T18:47:40.155763" level="INFO">${payload} = {'first_name': 'Shahrukh', 'last_name': 'Khan'}</msg>
<var>${payload}</var>
<arg>${actor_data}</arg>
<arg>${exclude_cols}</arg>
<doc>Convert test data row to dictionary payload</doc>
<status status="PASS" start="2025-12-24T18:47:40.155763" elapsed="0.000000"/>
</kw>
<kw name="Perform Post Request" owner="APIKeywords">
<msg time="2025-12-24T18:47:40.162085" level="INFO">POST request to http://127.0.0.1:8000/table/actor</msg>
<msg time="2025-12-24T18:47:40.162085" level="INFO">Payload Type: json</msg>
<msg time="2025-12-24T18:47:40.162085" level="INFO">Status Code: 200</msg>
<msg time="2025-12-24T18:47:40.162085" level="INFO">Response Time: 0.004978s</msg>
<arg>${TABLE_ENDPOINT}</arg>
<arg>${payload}</arg>
<arg>payload_type=json</arg>
<doc>Perform POST request</doc>
<status status="PASS" start="2025-12-24T18:47:40.155763" elapsed="0.006322"/>
</kw>
<kw name="Response Status Code Should Be" owner="APIKeywords">
<msg time="2025-12-24T18:47:40.162085" level="INFO">Status code 200 matches expected 200</msg>
<arg>200</arg>
<doc>Verify response status code</doc>
<status status="PASS" start="2025-12-24T18:47:40.162085" elapsed="0.000000"/>
</kw>
<kw name="Response Json Should Contain Key" owner="APIKeywords">
<msg time="2025-12-24T18:47:40.162085" level="INFO">Response JSON contains key: actor_id</msg>
<arg>actor_id</arg>
<doc>Verify response JSON contains a specific key</doc>
<status status="PASS" start="2025-12-24T18:47:40.162085" elapsed="0.000000"/>
</kw>
<kw name="Get Response Json Value" owner="APIKeywords">
<msg time="2025-12-24T18:47:40.163089" level="INFO">${actor_id} = 216</msg>
<var>${actor_id}</var>
<arg>actor_id</arg>
<doc>Get value from response JSON by key</doc>
<status status="PASS" start="2025-12-24T18:47:40.162085" elapsed="0.001004"/>
</kw>
<kw name="Connect To Database" owner="DatabaseKeywords">
<msg time="2025-12-24T18:47:40.196466" level="INFO">Connected to database: greencycles on localhost:5432</msg>
<arg>${DB_HOST}</arg>
<arg>${DB_NAME}</arg>
<arg>${DB_USER}</arg>
<arg>${DB_PASSWORD}</arg>
<doc>Connect to PostgreSQL database</doc>
<status status="PASS" start="2025-12-24T18:47:40.163089" elapsed="0.033377"/>
</kw>
<kw name="Verify Record Created" owner="DatabaseKeywords">
<msg time="2025-12-24T18:47:40.198466" level="INFO">Query executed: SELECT COUNT(*) as count FROM actor WHERE actor_id = 216</msg>
<msg time="2025-12-24T18:47:40.198466" level="INFO">Rows returned: 1</msg>
<msg time="2025-12-24T18:47:40.198466" level="INFO">Record created in actor with actor_id=216</msg>
<arg>actor</arg>
<arg>actor_id</arg>
<arg>${actor_id}</arg>
<doc>Verify that a new record was created</doc>
<status status="PASS" start="2025-12-24T18:47:40.196466" elapsed="0.002000"/>
</kw>
<kw name="Table Row Column Value Should Be" owner="DatabaseKeywords">
<msg time="2025-12-24T18:47:40.198466" level="INFO">Query executed: SELECT first_name FROM actor WHERE actor_id = 216</msg>
<msg time="2025-12-24T18:47:40.198466" level="INFO">Rows returned: 1</msg>
<msg time="2025-12-24T18:47:40.198466" level="INFO">Column first_name = Shahrukh</msg>
<arg>actor</arg>
<arg>actor_id = ${actor_id}</arg>
<arg>first_name</arg>
<arg>${actor_data}[first_name]</arg>
<doc>Verify specific column value in a row</doc>
<status status="PASS" start="2025-12-24T18:47:40.198466" elapsed="0.000000"/>
</kw>
<kw name="Disconnect From Database" owner="DatabaseKeywords">
<msg time="2025-12-24T18:47:40.199466" level="INFO">Disconnected from database</msg>
<doc>Disconnect from database</doc>
<status status="PASS" start="2025-12-24T18:47:40.199466" elapsed="0.000000"/>
</kw>
<kw name="Log" owner="BuiltIn">
<msg time="2025-12-24T18:47:40.199466" level="INFO">Successfully created actor with ID: 216</msg>
<arg>Successfully created actor with ID: ${actor_id}</arg>
<doc>Logs the given message with the given level.</doc>
<status status="PASS" start="2025-12-24T18:47:40.199466" elapsed="0.000000"/>
</kw>
<var name="${actor_data}">{'first_name': 'Shahrukh', 'last_name': 'Khan', 'expected_response': '  {\n    "first_name": "Shahrukh",\n    "last_name": "Khan",  \n}'}</var>
<status status="PASS" start="2025-12-24T18:47:40.155763" elapsed="0.043703"/>
</iter>
<iter>
<kw name="Create List" owner="BuiltIn">
<msg time="2025-12-24T18:47:40.199466" level="INFO">${exclude_cols} = ['expected_response']</msg>
<var>${exclude_cols}</var>
<arg>expected_response</arg>
<doc>Returns a list containing given items.</doc>
<status status="PASS" start="2025-12-24T18:47:40.199466" elapsed="0.000000"/>
</kw>
<kw name="Convert Test Data To Dict" owner="UtilityKeywords">
<msg time="2025-12-24T18:47:40.200466" level="INFO">${payload} = {'first_name': 'Salman', 'last_name': 'Khan'}</msg>
<var>${payload}</var>
<arg>${actor_data}</arg>
<arg>${exclude_cols}</arg>
<doc>Convert test data row to dictionary payload</doc>
<status status="PASS" start="2025-12-24T18:47:40.199466" elapsed="0.001000"/>
</kw>
<kw name="Perform Post Request" owner="APIKeywords">
<msg time="2025-12-24T18:47:40.206980" level="INFO">POST request to http://127.0.0.1:8000/table/actor</msg>
<msg time="2025-12-24T18:47:40.206980" level="INFO">Payload Type: json</msg>
<msg time="2025-12-24T18:47:40.206980" level="INFO">Status Code: 200</msg>
<msg time="2025-12-24T18:47:40.206980" level="INFO">Response Time: 0.005596s</msg>
<arg>${TABLE_ENDPOINT}</arg>
<arg>${payload}</arg>
<arg>payload_type=json</arg>
<doc>Perform POST request</doc>
<status status="PASS" start="2025-12-24T18:47:40.200466" elapsed="0.006514"/>
</kw>
<kw name="Response Status Code Should Be" owner="APIKeywords">
<msg time="2025-12-24T18:47:40.206980" level="INFO">Status code 200 matches expected 200</msg>
<arg>200</arg>
<doc>Verify response status code</doc>
<status status="PASS" start="2025-12-24T18:47:40.206980" elapsed="0.000000"/>
</kw>
<kw name="Response Json Should Contain Key" owner="APIKeywords">
<msg time="2025-12-24T18:47:40.206980" level="INFO">Response JSON contains key: actor_id</msg>
<arg>actor_id</arg>
<doc>Verify response JSON contains a specific key</doc>
<status status="PASS" start="2025-12-24T18:47:40.206980" elapsed="0.000000"/>
</kw>
<kw name="Get Response Json Value" owner="APIKeywords">
<msg time="2025-12-24T18:47:40.206980" level="INFO">${actor_id} = 217</msg>
<var>${actor_id}</var>
<arg>actor_id</arg>
<doc>Get value from response JSON by key</doc>
<status status="PASS" start="2025-12-24T18:47:40.206980" elapsed="0.000000"/>
</kw>
<kw name="Connect To Database" owner="DatabaseKeywords">
<msg time="2025-12-24T18:47:40.241572" level="INFO">Connected to database: greencycles on localhost:5432</msg>
<arg>${DB_HOST}</arg>
<arg>${DB_NAME}</arg>
<arg>${DB_USER}</arg>
<arg>${DB_PASSWORD}</arg>
<doc>Connect to PostgreSQL database</doc>
<status status="PASS" start="2025-12-24T18:47:40.206980" elapsed="0.035592"/>
</kw>
<kw name="Verify Record Created" owner="DatabaseKeywords">
<msg time="2025-12-24T18:47:40.244572" level="INFO">Query executed: SELECT COUNT(*) as count FROM actor WHERE actor_id = 217</msg>
<msg time="2025-12-24T18:47:40.244572" level="INFO">Rows returned: 1</msg>
<msg time="2025-12-24T18:47:40.244572" level="INFO">Record created in actor with actor_id=217</msg>
<arg>actor</arg>
<arg>actor_id</arg>
<arg>${actor_id}</arg>
<doc>Verify that a new record was created</doc>
<status status="PASS" start="2025-12-24T18:47:40.242572" elapsed="0.002000"/>
</kw>
<kw name="Table Row Column Value Should Be" owner="DatabaseKeywords">
<msg time="2025-12-24T18:47:40.244572" level="INFO">Query executed: SELECT first_name FROM actor WHERE actor_id = 217</msg>
<msg time="2025-12-24T18:47:40.244572" level="INFO">Rows returned: 1</msg>
<msg time="2025-12-24T18:47:40.244572" level="INFO">Column first_name = Salman</msg>
<arg>actor</arg>
<arg>actor_id = ${actor_id}</arg>
<arg>first_name</arg>
<arg>${actor_data}[first_name]</arg>
<doc>Verify specific column value in a row</doc>
<status status="PASS" start="2025-12-24T18:47:40.244572" elapsed="0.000000"/>
</kw>
<kw name="Disconnect From Database" owner="DatabaseKeywords">
<msg time="2025-12-24T18:47:40.245572" level="INFO">Disconnected from database</msg>
<doc>Disconnect from database</doc>
<status status="PASS" start="2025-12-24T18:47:40.244572" elapsed="0.001000"/>
</kw>
<kw name="Log" owner="BuiltIn">
<msg time="2025-12-24T18:47:40.245572" level="INFO">Successfully created actor with ID: 217</msg>
<arg>Successfully created actor with ID: ${actor_id}</arg>
<doc>Logs the given message with the given level.</doc>
<status status="PASS" start="2025-12-24T18:47:40.245572" elapsed="0.000000"/>
</kw>
<var name="${actor_data}">{'first_name': 'Salman', 'last_name': 'Khan', 'expected_response': '  {\n    "first_name": "Salman",\n    "last_name": "Khan",  \n}'}</var>
<status status="PASS" start="2025-12-24T18:47:40.199466" elapsed="0.046106"/>
</iter>
<iter>
<kw name="Create List" owner="BuiltIn">
<msg time="2025-12-24T18:47:40.246573" level="INFO">${exclude_cols} = ['expected_response']</msg>
<var>${exclude_cols}</var>
<arg>expected_response</arg>
<doc>Returns a list containing given items.</doc>
<status status="PASS" start="2025-12-24T18:47:40.245572" elapsed="0.001001"/>
</kw>
<kw name="Convert Test Data To Dict" owner="UtilityKeywords">
<msg time="2025-12-24T18:47:40.246573" level="INFO">${payload} = {'first_name': 'Amitabh', 'last_name': 'Bachchan'}</msg>
<var>${payload}</var>
<arg>${actor_data}</arg>
<arg>${exclude_cols}</arg>
<doc>Convert test data row to dictionary payload</doc>
<status status="PASS" start="2025-12-24T18:47:40.246573" elapsed="0.000000"/>
</kw>
<kw name="Perform Post Request" owner="APIKeywords">
<msg time="2025-12-24T18:47:40.252651" level="INFO">POST request to http://127.0.0.1:8000/table/actor</msg>
<msg time="2025-12-24T18:47:40.252651" level="INFO">Payload Type: json</msg>
<msg time="2025-12-24T18:47:40.252651" level="INFO">Status Code: 200</msg>
<msg time="2025-12-24T18:47:40.252651" level="INFO">Response Time: 0.005019s</msg>
<arg>${TABLE_ENDPOINT}</arg>
<arg>${payload}</arg>
<arg>payload_type=json</arg>
<doc>Perform POST request</doc>
<status status="PASS" start="2025-12-24T18:47:40.246573" elapsed="0.006078"/>
</kw>
<kw name="Response Status Code Should Be" owner="APIKeywords">
<msg time="2025-12-24T18:47:40.252651" level="INFO">Status code 200 matches expected 200</msg>
<arg>200</arg>
<doc>Verify response status code</doc>
<status status="PASS" start="2025-12-24T18:47:40.252651" elapsed="0.000000"/>
</kw>
<kw name="Response Json Should Contain Key" owner="APIKeywords">
<msg time="2025-12-24T18:47:40.252651" level="INFO">Response JSON contains key: actor_id</msg>
<arg>actor_id</arg>
<doc>Verify response JSON contains a specific key</doc>
<status status="PASS" start="2025-12-24T18:47:40.252651" elapsed="0.000000"/>
</kw>
<kw name="Get Response Json Value" owner="APIKeywords">
<msg time="2025-12-24T18:47:40.254123" level="INFO">${actor_id} = 218</msg>
<var>${actor_id}</var>
<arg>actor_id</arg>
<doc>Get value from response JSON by key</doc>
<status status="PASS" start="2025-12-24T18:47:40.254123" elapsed="0.000000"/>
</kw>
<kw name="Connect To Database" owner="DatabaseKeywords">
<msg time="2025-12-24T18:47:40.287803" level="INFO">Connected to database: greencycles on localhost:5432</msg>
<arg>${DB_HOST}</arg>
<arg>${DB_NAME}</arg>
<arg>${DB_USER}</arg>
<arg>${DB_PASSWORD}</arg>
<doc>Connect to PostgreSQL database</doc>
<status status="PASS" start="2025-12-24T18:47:40.254123" elapsed="0.033680"/>
</kw>
<kw name="Verify Record Created" owner="DatabaseKeywords">
<msg time="2025-12-24T18:47:40.289933" level="INFO">Query executed: SELECT COUNT(*) as count FROM actor WHERE actor_id = 218</msg>
<msg time="2025-12-24T18:47:40.289933" level="INFO">Rows returned: 1</msg>
<msg time="2025-12-24T18:47:40.289933" level="INFO">Record created in actor with actor_id=218</msg>
<arg>actor</arg>
<arg>actor_id</arg>
<arg>${actor_id}</arg>
<doc>Verify that a new record was created</doc>
<status status="PASS" start="2025-12-24T18:47:40.287803" elapsed="0.002130"/>
</kw>
<kw name="Table Row Column Value Should Be" owner="DatabaseKeywords">
<msg time="2025-12-24T18:47:40.290941" level="INFO">Query executed: SELECT first_name FROM actor WHERE actor_id = 218</msg>
<msg time="2025-12-24T18:47:40.290941" level="INFO">Rows returned: 1</msg>
<msg time="2025-12-24T18:47:40.290941" level="INFO">Column first_name = Amitabh</msg>
<arg>actor</arg>
<arg>actor_id = ${actor_id}</arg>
<arg>first_name</arg>
<arg>${actor_data}[first_name]</arg>
<doc>Verify specific column value in a row</doc>
<status status="PASS" start="2025-12-24T18:47:40.289933" elapsed="0.001008"/>
</kw>
<kw name="Disconnect From Database" owner="DatabaseKeywords">
<msg time="2025-12-24T18:47:40.290941" level="INFO">Disconnected from database</msg>
<doc>Disconnect from database</doc>
<status status="PASS" start="2025-12-24T18:47:40.290941" elapsed="0.000000"/>
</kw>
<kw name="Log" owner="BuiltIn">
<msg time="2025-12-24T18:47:40.290941" level="INFO">Successfully created actor with ID: 218</msg>
<arg>Successfully created actor with ID: ${actor_id}</arg>
<doc>Logs the given message with the given level.</doc>
<status status="PASS" start="2025-12-24T18:47:40.290941" elapsed="0.000000"/>
</kw>
<var name="${actor_data}">{'first_name': 'Amitabh', 'last_name': 'Bachchan', 'expected_response': '  {\n    "first_name": "Amitabh",\n    "last_name": "Bachchan",  \n}'}</var>
<status status="PASS" start="2025-12-24T18:47:40.245572" elapsed="0.045369"/>
</iter>
<iter>
<kw name="Create List" owner="BuiltIn">
<msg time="2025-12-24T18:47:40.291941" level="INFO">${exclude_cols} = ['expected_response']</msg>
<var>${exclude_cols}</var>
<arg>expected_response</arg>
<doc>Returns a list containing given items.</doc>
<status status="PASS" start="2025-12-24T18:47:40.291941" elapsed="0.000000"/>
</kw>
<kw name="Convert Test Data To Dict" owner="UtilityKeywords">
<msg time="2025-12-24T18:47:40.291941" level="INFO">${payload} = {'first_name': 'Akshay', 'last_name': 'Kumar'}</msg>
<var>${payload}</var>
<arg>${actor_data}</arg>
<arg>${exclude_cols}</arg>
<doc>Convert test data row to dictionary payload</doc>
<status status="PASS" start="2025-12-24T18:47:40.291941" elapsed="0.000000"/>
</kw>
<kw name="Perform Post Request" owner="APIKeywords">
<msg time="2025-12-24T18:47:40.298529" level="INFO">POST request to http://127.0.0.1:8000/table/actor</msg>
<msg time="2025-12-24T18:47:40.298529" level="INFO">Payload Type: json</msg>
<msg time="2025-12-24T18:47:40.298529" level="INFO">Status Code: 200</msg>
<msg time="2025-12-24T18:47:40.298529" level="INFO">Response Time: 0.005684s</msg>
<arg>${TABLE_ENDPOINT}</arg>
<arg>${payload}</arg>
<arg>payload_type=json</arg>
<doc>Perform POST request</doc>
<status status="PASS" start="2025-12-24T18:47:40.291941" elapsed="0.006588"/>
</kw>
<kw name="Response Status Code Should Be" owner="APIKeywords">
<msg time="2025-12-24T18:47:40.298529" level="INFO">Status code 200 matches expected 200</msg>
<arg>200</arg>
<doc>Verify response status code</doc>
<status status="PASS" start="2025-12-24T18:47:40.298529" elapsed="0.000000"/>
</kw>
<kw name="Response Json Should Contain Key" owner="APIKeywords">
<msg time="2025-12-24T18:47:40.298529" level="INFO">Response JSON contains key: actor_id</msg>
<arg>actor_id</arg>
<doc>Verify response JSON contains a specific key</doc>
<status status="PASS" start="2025-12-24T18:47:40.298529" elapsed="0.001061"/>
</kw>
<kw name="Get Response Json Value" owner="APIKeywords">
<msg time="2025-12-24T18:47:40.299590" level="INFO">${actor_id} = 219</msg>
<var>${actor_id}</var>
<arg>actor_id</arg>
<doc>Get value from response JSON by key</doc>
<status status="PASS" start="2025-12-24T18:47:40.299590" elapsed="0.000000"/>
</kw>
<kw name="Connect To Database" owner="DatabaseKeywords">
<msg time="2025-12-24T18:47:40.329682" level="INFO">Connected to database: greencycles on localhost:5432</msg>
<arg>${DB_HOST}</arg>
<arg>${DB_NAME}</arg>
<arg>${DB_USER}</arg>
<arg>${DB_PASSWORD}</arg>
<doc>Connect to PostgreSQL database</doc>
<status status="PASS" start="2025-12-24T18:47:40.299590" elapsed="0.030092"/>
</kw>
<kw name="Verify Record Created" owner="DatabaseKeywords">
<msg time="2025-12-24T18:47:40.331118" level="INFO">Query executed: SELECT COUNT(*) as count FROM actor WHERE actor_id = 219</msg>
<msg time="2025-12-24T18:47:40.332578" level="INFO">Rows returned: 1</msg>
<msg time="2025-12-24T18:47:40.332578" level="INFO">Record created in actor with actor_id=219</msg>
<arg>actor</arg>
<arg>actor_id</arg>
<arg>${actor_id}</arg>
<doc>Verify that a new record was created</doc>
<status status="PASS" start="2025-12-24T18:47:40.329682" elapsed="0.002896"/>
</kw>
<kw name="Table Row Column Value Should Be" owner="DatabaseKeywords">
<msg time="2025-12-24T18:47:40.332578" level="INFO">Query executed: SELECT first_name FROM actor WHERE actor_id = 219</msg>
<msg time="2025-12-24T18:47:40.332578" level="INFO">Rows returned: 1</msg>
<msg time="2025-12-24T18:47:40.332578" level="INFO">Column first_name = Akshay</msg>
<arg>actor</arg>
<arg>actor_id = ${actor_id}</arg>
<arg>first_name</arg>
<arg>${actor_data}[first_name]</arg>
<doc>Verify specific column value in a row</doc>
<status status="PASS" start="2025-12-24T18:47:40.332578" elapsed="0.000000"/>
</kw>
<kw name="Disconnect From Database" owner="DatabaseKeywords">
<msg time="2025-12-24T18:47:40.332578" level="INFO">Disconnected from database</msg>
<doc>Disconnect from database</doc>
<status status="PASS" start="2025-12-24T18:47:40.332578" elapsed="0.000000"/>
</kw>
<kw name="Log" owner="BuiltIn">
<msg time="2025-12-24T18:47:40.332578" level="INFO">Successfully created actor with ID: 219</msg>
<arg>Successfully created actor with ID: ${actor_id}</arg>
<doc>Logs the given message with the given level.</doc>
<status status="PASS" start="2025-12-24T18:47:40.332578" elapsed="0.000000"/>
</kw>
<var name="${actor_data}">{'first_name': 'Akshay', 'last_name': 'Kumar', 'expected_response': '  {\n    "first_name": "Akshay",\n    "last_name": "Kumar",  \n}'}</var>
<status status="PASS" start="2025-12-24T18:47:40.291941" elapsed="0.040637"/>
</iter>
<iter>
<kw name="Create List" owner="BuiltIn">
<msg time="2025-12-24T18:47:40.332578" level="INFO">${exclude_cols} = ['expected_response']</msg>
<var>${exclude_cols}</var>
<arg>expected_response</arg>
<doc>Returns a list containing given items.</doc>
<status status="PASS" start="2025-12-24T18:47:40.332578" elapsed="0.000000"/>
</kw>
<kw name="Convert Test Data To Dict" owner="UtilityKeywords">
<msg time="2025-12-24T18:47:40.334056" level="INFO">${payload} = {'first_name': 'Varun', 'last_name': 'Dhawan'}</msg>
<var>${payload}</var>
<arg>${actor_data}</arg>
<arg>${exclude_cols}</arg>
<doc>Convert test data row to dictionary payload</doc>
<status status="PASS" start="2025-12-24T18:47:40.332578" elapsed="0.001478"/>
</kw>
<kw name="Perform Post Request" owner="APIKeywords">
<msg time="2025-12-24T18:47:40.339059" level="INFO">POST request to http://127.0.0.1:8000/table/actor</msg>
<msg time="2025-12-24T18:47:40.340056" level="INFO">Payload Type: json</msg>
<msg time="2025-12-24T18:47:40.340056" level="INFO">Status Code: 200</msg>
<msg time="2025-12-24T18:47:40.340056" level="INFO">Response Time: 0.004913s</msg>
<arg>${TABLE_ENDPOINT}</arg>
<arg>${payload}</arg>
<arg>payload_type=json</arg>
<doc>Perform POST request</doc>
<status status="PASS" start="2025-12-24T18:47:40.334056" elapsed="0.006000"/>
</kw>
<kw name="Response Status Code Should Be" owner="APIKeywords">
<msg time="2025-12-24T18:47:40.340056" level="INFO">Status code 200 matches expected 200</msg>
<arg>200</arg>
<doc>Verify response status code</doc>
<status status="PASS" start="2025-12-24T18:47:40.340056" elapsed="0.000000"/>
</kw>
<kw name="Response Json Should Contain Key" owner="APIKeywords">
<msg time="2025-12-24T18:47:40.340056" level="INFO">Response JSON contains key: actor_id</msg>
<arg>actor_id</arg>
<doc>Verify response JSON contains a specific key</doc>
<status status="PASS" start="2025-12-24T18:47:40.340056" elapsed="0.000000"/>
</kw>
<kw name="Get Response Json Value" owner="APIKeywords">
<msg time="2025-12-24T18:47:40.340056" level="INFO">${actor_id} = 220</msg>
<var>${actor_id}</var>
<arg>actor_id</arg>
<doc>Get value from response JSON by key</doc>
<status status="PASS" start="2025-12-24T18:47:40.340056" elapsed="0.000000"/>
</kw>
<kw name="Connect To Database" owner="DatabaseKeywords">
<msg time="2025-12-24T18:47:40.373219" level="INFO">Connected to database: greencycles on localhost:5432</msg>
<arg>${DB_HOST}</arg>
<arg>${DB_NAME}</arg>
<arg>${DB_USER}</arg>
<arg>${DB_PASSWORD}</arg>
<doc>Connect to PostgreSQL database</doc>
<status status="PASS" start="2025-12-24T18:47:40.340056" elapsed="0.033163"/>
</kw>
<kw name="Verify Record Created" owner="DatabaseKeywords">
<msg time="2025-12-24T18:47:40.375557" level="INFO">Query executed: SELECT COUNT(*) as count FROM actor WHERE actor_id = 220</msg>
<msg time="2025-12-24T18:47:40.375557" level="INFO">Rows returned: 1</msg>
<msg time="2025-12-24T18:47:40.375557" level="INFO">Record created in actor with actor_id=220</msg>
<arg>actor</arg>
<arg>actor_id</arg>
<arg>${actor_id}</arg>
<doc>Verify that a new record was created</doc>
<status status="PASS" start="2025-12-24T18:47:40.373219" elapsed="0.002338"/>
</kw>
<kw name="Table Row Column Value Should Be" owner="DatabaseKeywords">
<msg time="2025-12-24T18:47:40.375557" level="INFO">Query executed: SELECT first_name FROM actor WHERE actor_id = 220</msg>
<msg time="2025-12-24T18:47:40.375557" level="INFO">Rows returned: 1</msg>
<msg time="2025-12-24T18:47:40.375557" level="INFO">Column first_name = Varun</msg>
<arg>actor</arg>
<arg>actor_id = ${actor_id}</arg>
<arg>first_name</arg>
<arg>${actor_data}[first_name]</arg>
<doc>Verify specific column value in a row</doc>
<status status="PASS" start="2025-12-24T18:47:40.375557" elapsed="0.000000"/>
</kw>
<kw name="Disconnect From Database" owner="DatabaseKeywords">
<msg time="2025-12-24T18:47:40.376556" level="INFO">Disconnected from database</msg>
<doc>Disconnect from database</doc>
<status status="PASS" start="2025-12-24T18:47:40.375557" elapsed="0.000999"/>
</kw>
<kw name="Log" owner="BuiltIn">
<msg time="2025-12-24T18:47:40.376556" level="INFO">Successfully created actor with ID: 220</msg>
<arg>Successfully created actor with ID: ${actor_id}</arg>
<doc>Logs the given message with the given level.</doc>
<status status="PASS" start="2025-12-24T18:47:40.376556" elapsed="0.000000"/>
</kw>
<var name="${actor_data}">{'first_name': 'Varun', 'last_name': 'Dhawan', 'expected_response': '  {\n    "first_name": "Varun",\n    "last_name": "Dhawan",  \n}'}</var>
<status status="PASS" start="2025-12-24T18:47:40.332578" elapsed="0.043978"/>
</iter>
<iter>
<kw name="Create List" owner="BuiltIn">
<msg time="2025-12-24T18:47:40.376556" level="INFO">${exclude_cols} = ['expected_response']</msg>
<var>${exclude_cols}</var>
<arg>expected_response</arg>
<doc>Returns a list containing given items.</doc>
<status status="PASS" start="2025-12-24T18:47:40.376556" elapsed="0.000000"/>
</kw>
<kw name="Convert Test Data To Dict" owner="UtilityKeywords">
<msg time="2025-12-24T18:47:40.376556" level="INFO">${payload} = {'first_name': 'Ranbir', 'last_name': 'Kapoor'}</msg>
<var>${payload}</var>
<arg>${actor_data}</arg>
<arg>${exclude_cols}</arg>
<doc>Convert test data row to dictionary payload</doc>
<status status="PASS" start="2025-12-24T18:47:40.376556" elapsed="0.000000"/>
</kw>
<kw name="Perform Post Request" owner="APIKeywords">
<msg time="2025-12-24T18:47:40.382553" level="INFO">POST request to http://127.0.0.1:8000/table/actor</msg>
<msg time="2025-12-24T18:47:40.382553" level="INFO">Payload Type: json</msg>
<msg time="2025-12-24T18:47:40.382553" level="INFO">Status Code: 200</msg>
<msg time="2025-12-24T18:47:40.382553" level="INFO">Response Time: 0.004714s</msg>
<arg>${TABLE_ENDPOINT}</arg>
<arg>${payload}</arg>
<arg>payload_type=json</arg>
<doc>Perform POST request</doc>
<status status="PASS" start="2025-12-24T18:47:40.376556" elapsed="0.005997"/>
</kw>
<kw name="Response Status Code Should Be" owner="APIKeywords">
<msg time="2025-12-24T18:47:40.382553" level="INFO">Status code 200 matches expected 200</msg>
<arg>200</arg>
<doc>Verify response status code</doc>
<status status="PASS" start="2025-12-24T18:47:40.382553" elapsed="0.000000"/>
</kw>
<kw name="Response Json Should Contain Key" owner="APIKeywords">
<msg time="2025-12-24T18:47:40.382553" level="INFO">Response JSON contains key: actor_id</msg>
<arg>actor_id</arg>
<doc>Verify response JSON contains a specific key</doc>
<status status="PASS" start="2025-12-24T18:47:40.382553" elapsed="0.001176"/>
</kw>
<kw name="Get Response Json Value" owner="APIKeywords">
<msg time="2025-12-24T18:47:40.383729" level="INFO">${actor_id} = 221</msg>
<var>${actor_id}</var>
<arg>actor_id</arg>
<doc>Get value from response JSON by key</doc>
<status status="PASS" start="2025-12-24T18:47:40.383729" elapsed="0.000000"/>
</kw>
<kw name="Connect To Database" owner="DatabaseKeywords">
<msg time="2025-12-24T18:47:40.416067" level="INFO">Connected to database: greencycles on localhost:5432</msg>
<arg>${DB_HOST}</arg>
<arg>${DB_NAME}</arg>
<arg>${DB_USER}</arg>
<arg>${DB_PASSWORD}</arg>
<doc>Connect to PostgreSQL database</doc>
<status status="PASS" start="2025-12-24T18:47:40.383729" elapsed="0.032338"/>
</kw>
<kw name="Verify Record Created" owner="DatabaseKeywords">
<msg time="2025-12-24T18:47:40.418463" level="INFO">Query executed: SELECT COUNT(*) as count FROM actor WHERE actor_id = 221</msg>
<msg time="2025-12-24T18:47:40.418463" level="INFO">Rows returned: 1</msg>
<msg time="2025-12-24T18:47:40.418463" level="INFO">Record created in actor with actor_id=221</msg>
<arg>actor</arg>
<arg>actor_id</arg>
<arg>${actor_id}</arg>
<doc>Verify that a new record was created</doc>
<status status="PASS" start="2025-12-24T18:47:40.416067" elapsed="0.002396"/>
</kw>
<kw name="Table Row Column Value Should Be" owner="DatabaseKeywords">
<msg time="2025-12-24T18:47:40.418463" level="INFO">Query executed: SELECT first_name FROM actor WHERE actor_id = 221</msg>
<msg time="2025-12-24T18:47:40.418463" level="INFO">Rows returned: 1</msg>
<msg time="2025-12-24T18:47:40.418463" level="INFO">Column first_name = Ranbir</msg>
<arg>actor</arg>
<arg>actor_id = ${actor_id}</arg>
<arg>first_name</arg>
<arg>${actor_data}[first_name]</arg>
<doc>Verify specific column value in a row</doc>
<status status="PASS" start="2025-12-24T18:47:40.418463" elapsed="0.000000"/>
</kw>
<kw name="Disconnect From Database" owner="DatabaseKeywords">
<msg time="2025-12-24T18:47:40.418463" level="INFO">Disconnected from database</msg>
<doc>Disconnect from database</doc>
<status status="PASS" start="2025-12-24T18:47:40.418463" elapsed="0.000000"/>
</kw>
<kw name="Log" owner="BuiltIn">
<msg time="2025-12-24T18:47:40.419494" level="INFO">Successfully created actor with ID: 221</msg>
<arg>Successfully created actor with ID: ${actor_id}</arg>
<doc>Logs the given message with the given level.</doc>
<status status="PASS" start="2025-12-24T18:47:40.418463" elapsed="0.001031"/>
</kw>
<var name="${actor_data}">{'first_name': 'Ranbir', 'last_name': 'Kapoor', 'expected_response': '  {\n    "first_name": "Ranbir",\n    "last_name": "Kapoor",  \n}'}</var>
<status status="PASS" start="2025-12-24T18:47:40.376556" elapsed="0.042938"/>
</iter>
<iter>
<kw name="Create List" owner="BuiltIn">
<msg time="2025-12-24T18:47:40.419494" level="INFO">${exclude_cols} = ['expected_response']</msg>
<var>${exclude_cols}</var>
<arg>expected_response</arg>
<doc>Returns a list containing given items.</doc>
<status status="PASS" start="2025-12-24T18:47:40.419494" elapsed="0.000000"/>
</kw>
<kw name="Convert Test Data To Dict" owner="UtilityKeywords">
<msg time="2025-12-24T18:47:40.419494" level="INFO">${payload} = {'first_name': 'Ranvir', 'last_name': 'Singh'}</msg>
<var>${payload}</var>
<arg>${actor_data}</arg>
<arg>${exclude_cols}</arg>
<doc>Convert test data row to dictionary payload</doc>
<status status="PASS" start="2025-12-24T18:47:40.419494" elapsed="0.000000"/>
</kw>
<kw name="Perform Post Request" owner="APIKeywords">
<msg time="2025-12-24T18:47:40.424892" level="INFO">POST request to http://127.0.0.1:8000/table/actor</msg>
<msg time="2025-12-24T18:47:40.425979" level="INFO">Payload Type: json</msg>
<msg time="2025-12-24T18:47:40.425979" level="INFO">Status Code: 200</msg>
<msg time="2025-12-24T18:47:40.425979" level="INFO">Response Time: 0.004856s</msg>
<arg>${TABLE_ENDPOINT}</arg>
<arg>${payload}</arg>
<arg>payload_type=json</arg>
<doc>Perform POST request</doc>
<status status="PASS" start="2025-12-24T18:47:40.419494" elapsed="0.006485"/>
</kw>
<kw name="Response Status Code Should Be" owner="APIKeywords">
<msg time="2025-12-24T18:47:40.425979" level="INFO">Status code 200 matches expected 200</msg>
<arg>200</arg>
<doc>Verify response status code</doc>
<status status="PASS" start="2025-12-24T18:47:40.425979" elapsed="0.000000"/>
</kw>
<kw name="Response Json Should Contain Key" owner="APIKeywords">
<msg time="2025-12-24T18:47:40.425979" level="INFO">Response JSON contains key: actor_id</msg>
<arg>actor_id</arg>
<doc>Verify response JSON contains a specific key</doc>
<status status="PASS" start="2025-12-24T18:47:40.425979" elapsed="0.000000"/>
</kw>
<kw name="Get Response Json Value" owner="APIKeywords">
<msg time="2025-12-24T18:47:40.425979" level="INFO">${actor_id} = 222</msg>
<var>${actor_id}</var>
<arg>actor_id</arg>
<doc>Get value from response JSON by key</doc>
<status status="PASS" start="2025-12-24T18:47:40.425979" elapsed="0.000000"/>
</kw>
<kw name="Connect To Database" owner="DatabaseKeywords">
<msg time="2025-12-24T18:47:40.461543" level="INFO">Connected to database: greencycles on localhost:5432</msg>
<arg>${DB_HOST}</arg>
<arg>${DB_NAME}</arg>
<arg>${DB_USER}</arg>
<arg>${DB_PASSWORD}</arg>
<doc>Connect to PostgreSQL database</doc>
<status status="PASS" start="2025-12-24T18:47:40.425979" elapsed="0.035564"/>
</kw>
<kw name="Verify Record Created" owner="DatabaseKeywords">
<msg time="2025-12-24T18:47:40.463556" level="INFO">Query executed: SELECT COUNT(*) as count FROM actor WHERE actor_id = 222</msg>
<msg time="2025-12-24T18:47:40.463556" level="INFO">Rows returned: 1</msg>
<msg time="2025-12-24T18:47:40.463556" level="INFO">Record created in actor with actor_id=222</msg>
<arg>actor</arg>
<arg>actor_id</arg>
<arg>${actor_id}</arg>
<doc>Verify that a new record was created</doc>
<status status="PASS" start="2025-12-24T18:47:40.461543" elapsed="0.002013"/>
</kw>
<kw name="Table Row Column Value Should Be" owner="DatabaseKeywords">
<msg time="2025-12-24T18:47:40.463556" level="INFO">Query executed: SELECT first_name FROM actor WHERE actor_id = 222</msg>
<msg time="2025-12-24T18:47:40.463556" level="INFO">Rows returned: 1</msg>
<msg time="2025-12-24T18:47:40.463556" level="INFO">Column first_name = Ranvir</msg>
<arg>actor</arg>
<arg>actor_id = ${actor_id}</arg>
<arg>first_name</arg>
<arg>${actor_data}[first_name]</arg>
<doc>Verify specific column value in a row</doc>
<status status="PASS" start="2025-12-24T18:47:40.463556" elapsed="0.000000"/>
</kw>
<kw name="Disconnect From Database" owner="DatabaseKeywords">
<msg time="2025-12-24T18:47:40.463556" level="INFO">Disconnected from database</msg>
<doc>Disconnect from database</doc>
<status status="PASS" start="2025-12-24T18:47:40.463556" elapsed="0.000000"/>
</kw>
<kw name="Log" owner="BuiltIn">
<msg time="2025-12-24T18:47:40.464556" level="INFO">Successfully created actor with ID: 222</msg>
<arg>Successfully created actor with ID: ${actor_id}</arg>
<doc>Logs the given message with the given level.</doc>
<status status="PASS" start="2025-12-24T18:47:40.463556" elapsed="0.001000"/>
</kw>
<var name="${actor_data}">{'first_name': 'Ranvir', 'last_name': 'Singh', 'expected_response': '  {\n    "first_name": "Ranvir",\n    "last_name": "Singh",  \n}'}</var>
<status status="PASS" start="2025-12-24T18:47:40.419494" elapsed="0.045062"/>
</iter>
<iter>
<kw name="Create List" owner="BuiltIn">
<msg time="2025-12-24T18:47:40.464556" level="INFO">${exclude_cols} = ['expected_response']</msg>
<var>${exclude_cols}</var>
<arg>expected_response</arg>
<doc>Returns a list containing given items.</doc>
<status status="PASS" start="2025-12-24T18:47:40.464556" elapsed="0.000000"/>
</kw>
<kw name="Convert Test Data To Dict" owner="UtilityKeywords">
<msg time="2025-12-24T18:47:40.464556" level="INFO">${payload} = {'first_name': 'Rishi ', 'last_name': 'Kapoor'}</msg>
<var>${payload}</var>
<arg>${actor_data}</arg>
<arg>${exclude_cols}</arg>
<doc>Convert test data row to dictionary payload</doc>
<status status="PASS" start="2025-12-24T18:47:40.464556" elapsed="0.000000"/>
</kw>
<kw name="Perform Post Request" owner="APIKeywords">
<msg time="2025-12-24T18:47:40.470983" level="INFO">POST request to http://127.0.0.1:8000/table/actor</msg>
<msg time="2025-12-24T18:47:40.470983" level="INFO">Payload Type: json</msg>
<msg time="2025-12-24T18:47:40.470983" level="INFO">Status Code: 200</msg>
<msg time="2025-12-24T18:47:40.470983" level="INFO">Response Time: 0.005003s</msg>
<arg>${TABLE_ENDPOINT}</arg>
<arg>${payload}</arg>
<arg>payload_type=json</arg>
<doc>Perform POST request</doc>
<status status="PASS" start="2025-12-24T18:47:40.464556" elapsed="0.006427"/>
</kw>
<kw name="Response Status Code Should Be" owner="APIKeywords">
<msg time="2025-12-24T18:47:40.470983" level="INFO">Status code 200 matches expected 200</msg>
<arg>200</arg>
<doc>Verify response status code</doc>
<status status="PASS" start="2025-12-24T18:47:40.470983" elapsed="0.000000"/>
</kw>
<kw name="Response Json Should Contain Key" owner="APIKeywords">
<msg time="2025-12-24T18:47:40.470983" level="INFO">Response JSON contains key: actor_id</msg>
<arg>actor_id</arg>
<doc>Verify response JSON contains a specific key</doc>
<status status="PASS" start="2025-12-24T18:47:40.470983" elapsed="0.000000"/>
</kw>
<kw name="Get Response Json Value" owner="APIKeywords">
<msg time="2025-12-24T18:47:40.470983" level="INFO">${actor_id} = 223</msg>
<var>${actor_id}</var>
<arg>actor_id</arg>
<doc>Get value from response JSON by key</doc>
<status status="PASS" start="2025-12-24T18:47:40.470983" elapsed="0.000000"/>
</kw>
<kw name="Connect To Database" owner="DatabaseKeywords">
<msg time="2025-12-24T18:47:40.503547" level="INFO">Connected to database: greencycles on localhost:5432</msg>
<arg>${DB_HOST}</arg>
<arg>${DB_NAME}</arg>
<arg>${DB_USER}</arg>
<arg>${DB_PASSWORD}</arg>
<doc>Connect to PostgreSQL database</doc>
<status status="PASS" start="2025-12-24T18:47:40.471983" elapsed="0.031564"/>
</kw>
<kw name="Verify Record Created" owner="DatabaseKeywords">
<msg time="2025-12-24T18:47:40.505553" level="INFO">Query executed: SELECT COUNT(*) as count FROM actor WHERE actor_id = 223</msg>
<msg time="2025-12-24T18:47:40.505553" level="INFO">Rows returned: 1</msg>
<msg time="2025-12-24T18:47:40.505553" level="INFO">Record created in actor with actor_id=223</msg>
<arg>actor</arg>
<arg>actor_id</arg>
<arg>${actor_id}</arg>
<doc>Verify that a new record was created</doc>
<status status="PASS" start="2025-12-24T18:47:40.503547" elapsed="0.002006"/>
</kw>
<kw name="Table Row Column Value Should Be" owner="DatabaseKeywords">
<msg time="2025-12-24T18:47:40.505553" level="INFO">Query executed: SELECT first_name FROM actor WHERE actor_id = 223</msg>
<msg time="2025-12-24T18:47:40.505553" level="INFO">Rows returned: 1</msg>
<msg time="2025-12-24T18:47:40.505553" level="INFO">Column first_name = Rishi </msg>
<arg>actor</arg>
<arg>actor_id = ${actor_id}</arg>
<arg>first_name</arg>
<arg>${actor_data}[first_name]</arg>
<doc>Verify specific column value in a row</doc>
<status status="PASS" start="2025-12-24T18:47:40.505553" elapsed="0.000000"/>
</kw>
<kw name="Disconnect From Database" owner="DatabaseKeywords">
<msg time="2025-12-24T18:47:40.506548" level="INFO">Disconnected from database</msg>
<doc>Disconnect from database</doc>
<status status="PASS" start="2025-12-24T18:47:40.506548" elapsed="0.000000"/>
</kw>
<kw name="Log" owner="BuiltIn">
<msg time="2025-12-24T18:47:40.506548" level="INFO">Successfully created actor with ID: 223</msg>
<arg>Successfully created actor with ID: ${actor_id}</arg>
<doc>Logs the given message with the given level.</doc>
<status status="PASS" start="2025-12-24T18:47:40.506548" elapsed="0.000000"/>
</kw>
<var name="${actor_data}">{'first_name': 'Rishi ', 'last_name': 'Kapoor', 'expected_response': '  {\n    "first_name": "Rishi",\n    "last_name": "Kapoor",  \n}'}</var>
<status status="PASS" start="2025-12-24T18:47:40.464556" elapsed="0.041992"/>
</iter>
<var>${actor_data}</var>
<value>@{test_data_list}</value>
<status status="PASS" start="2025-12-24T18:47:39.941603" elapsed="0.564945"/>
</for>
<doc>Create new actor records via POST request and validate in database</doc>
<tag>Database</tag>
<tag>JSON</tag>
<tag>POST</tag>
<status status="PASS" start="2025-12-24T18:47:39.936539" elapsed="0.570009"/>
</test>
<test id="s1-t2" name="Test GET All Actors" line="56">
<kw name="Set Base Url" owner="APIKeywords">
<msg time="2025-12-24T18:47:40.507547" level="INFO">Base URL set to: http://127.0.0.1:8000</msg>
<arg>${BASE_URL}</arg>
<doc>Set the base URL for API requests</doc>
<status status="PASS" start="2025-12-24T18:47:40.507547" elapsed="0.000000"/>
</kw>
<kw name="Perform Get Request" owner="APIKeywords">
<msg time="2025-12-24T18:47:40.513548" level="INFO">GET request to http://127.0.0.1:8000/table/actor</msg>
<msg time="2025-12-24T18:47:40.513548" level="INFO">Status Code: 200</msg>
<msg time="2025-12-24T18:47:40.513548" level="INFO">Response Time: 0.004584s</msg>
<arg>${TABLE_ENDPOINT}</arg>
<doc>Perform GET request</doc>
<status status="PASS" start="2025-12-24T18:47:40.508553" elapsed="0.004995"/>
</kw>
<kw name="Response Status Code Should Be" owner="APIKeywords">
<msg time="2025-12-24T18:47:40.514654" level="INFO">Status code 200 matches expected 200</msg>
<arg>200</arg>
<doc>Verify response status code</doc>
<status status="PASS" start="2025-12-24T18:47:40.514654" elapsed="0.000000"/>
</kw>
<kw name="Get Response Body" owner="APIKeywords">
<msg time="2025-12-24T18:47:40.514654" level="INFO">${response} = [{'actor_id': 1, 'first_name': 'PENELOPE', 'last_name': 'GUINESS', 'last_update': '2020-02-15T15:04:33+05:30'}, {'actor_id': 2, 'first_name': 'NICK', 'last_name': 'WAHLBERG', 'last_update': '2020-02-1...</msg>
<var>${response}</var>
<doc>Get the last response body</doc>
<status status="PASS" start="2025-12-24T18:47:40.514654" elapsed="0.000000"/>
</kw>
<kw name="Log" owner="BuiltIn">
<msg time="2025-12-24T18:47:40.515669" level="INFO">[{'actor_id': 1, 'first_name': 'PENELOPE', 'last_name': 'GUINESS', 'last_update': '2020-02-15T15:04:33+05:30'}, {'actor_id': 2, 'first_name': 'NICK', 'last_name': 'WAHLBERG', 'last_update': '2020-02-15T15:04:33+05:30'}, {'actor_id': 3, 'first_name': 'ED', 'last_name': 'CHASE', 'last_update': '2020-02-15T15:04:33+05:30'}, {'actor_id': 4, 'first_name': 'JENNIFER', 'last_name': 'DAVIS', 'last_update': '2020-02-15T15:04:33+05:30'}, {'actor_id': 5, 'first_name': 'JOHNNY', 'last_name': 'LOLLOBRIGIDA', 'last_update': '2020-02-15T15:04:33+05:30'}, {'actor_id': 6, 'first_name': 'BETTE', 'last_name': 'NICHOLSON', 'last_update': '2020-02-15T15:04:33+05:30'}, {'actor_id': 7, 'first_name': 'GRACE', 'last_name': 'MOSTEL', 'last_update': '2020-02-15T15:04:33+05:30'}, {'actor_id': 8, 'first_name': 'MATTHEW', 'last_name': 'JOHANSSON', 'last_update': '2020-02-15T15:04:33+05:30'}, {'actor_id': 9, 'first_name': 'JOE', 'last_name': 'SWANK', 'last_update': '2020-02-15T15:04:33+05:30'}, {'actor_id': 10, 'first_name': 'CHRISTIAN', 'last_name': 'GABLE', 'last_update': '2020-02-15T15:04:33+05:30'}, {'actor_id': 11, 'first_name': 'ZERO', 'last_name': 'CAGE', 'last_update': '2020-02-15T15:04:33+05:30'}, {'actor_id': 12, 'first_name': 'KARL', 'last_name': 'BERRY', 'last_update': '2020-02-15T15:04:33+05:30'}, {'actor_id': 13, 'first_name': 'UMA', 'last_name': 'WOOD', 'last_update': '2020-02-15T15:04:33+05:30'}, {'actor_id': 14, 'first_name': 'VIVIEN', 'last_name': 'BERGEN', 'last_update': '2020-02-15T15:04:33+05:30'}, {'actor_id': 15, 'first_name': 'CUBA', 'last_name': 'OLIVIER', 'last_update': '2020-02-15T15:04:33+05:30'}, {'actor_id': 16, 'first_name': 'FRED', 'last_name': 'COSTNER', 'last_update': '2020-02-15T15:04:33+05:30'}, {'actor_id': 17, 'first_name': 'HELEN', 'last_name': 'VOIGHT', 'last_update': '2020-02-15T15:04:33+05:30'}, {'actor_id': 18, 'first_name': 'DAN', 'last_name': 'TORN', 'last_update': '2020-02-15T15:04:33+05:30'}, {'actor_id': 19, 'first_name': 'BOB', 'last_name': 'FAWCETT', 'last_update': '2020-02-15T15:04:33+05:30'}, {'actor_id': 20, 'first_name': 'LUCILLE', 'last_name': 'TRACY', 'last_update': '2020-02-15T15:04:33+05:30'}, {'actor_id': 21, 'first_name': 'KIRSTEN', 'last_name': 'PALTROW', 'last_update': '2020-02-15T15:04:33+05:30'}, {'actor_id': 22, 'first_name': 'ELVIS', 'last_name': 'MARX', 'last_update': '2020-02-15T15:04:33+05:30'}, {'actor_id': 23, 'first_name': 'SANDRA', 'last_name': 'KILMER', 'last_update': '2020-02-15T15:04:33+05:30'}, {'actor_id': 24, 'first_name': 'CAMERON', 'last_name': 'STREEP', 'last_update': '2020-02-15T15:04:33+05:30'}, {'actor_id': 25, 'first_name': 'KEVIN', 'last_name': 'BLOOM', 'last_update': '2020-02-15T15:04:33+05:30'}, {'actor_id': 26, 'first_name': 'RIP', 'last_name': 'CRAWFORD', 'last_update': '2020-02-15T15:04:33+05:30'}, {'actor_id': 27, 'first_name': 'JULIA', 'last_name': 'MCQUEEN', 'last_update': '2020-02-15T15:04:33+05:30'}, {'actor_id': 28, 'first_name': 'WOODY', 'last_name': 'HOFFMAN', 'last_update': '2020-02-15T15:04:33+05:30'}, {'actor_id': 29, 'first_name': 'ALEC', 'last_name': 'WAYNE', 'last_update': '2020-02-15T15:04:33+05:30'}, {'actor_id': 30, 'first_name': 'SANDRA', 'last_name': 'PECK', 'last_update': '2020-02-15T15:04:33+05:30'}, {'actor_id': 31, 'first_name': 'SISSY', 'last_name': 'SOBIESKI', 'last_update': '2020-02-15T15:04:33+05:30'}, {'actor_id': 32, 'first_name': 'TIM', 'last_name': 'HACKMAN', 'last_update': '2020-02-15T15:04:33+05:30'}, {'actor_id': 33, 'first_name': 'MILLA', 'last_name': 'PECK', 'last_update': '2020-02-15T15:04:33+05:30'}, {'actor_id': 34, 'first_name': 'AUDREY', 'last_name': 'OLIVIER', 'last_update': '2020-02-15T15:04:33+05:30'}, {'actor_id': 35, 'first_name': 'JUDY', 'last_name': 'DEAN', 'last_update': '2020-02-15T15:04:33+05:30'}, {'actor_id': 36, 'first_name': 'BURT', 'last_name': 'DUKAKIS', 'last_update': '2020-02-15T15:04:33+05:30'}, {'actor_id': 37, 'first_name': 'VAL', 'last_name': 'BOLGER', 'last_update': '2020-02-15T15:04:33+05:30'}, {'actor_id': 38, 'first_name': 'TOM', 'last_name': 'MCKELLEN', 'last_update': '2020-02-15T15:04:33+05:30'}, {'actor_id': 39, 'first_name': 'GOLDIE', 'last_name': 'BRODY', 'last_update': '2020-02-15T15:04:33+05:30'}, {'actor_id': 40, 'first_name': 'JOHNNY', 'last_name': 'CAGE', 'last_update': '2020-02-15T15:04:33+05:30'}, {'actor_id': 41, 'first_name': 'JODIE', 'last_name': 'DEGENERES', 'last_update': '2020-02-15T15:04:33+05:30'}, {'actor_id': 42, 'first_name': 'TOM', 'last_name': 'MIRANDA', 'last_update': '2020-02-15T15:04:33+05:30'}, {'actor_id': 43, 'first_name': 'KIRK', 'last_name': 'JOVOVICH', 'last_update': '2020-02-15T15:04:33+05:30'}, {'actor_id': 44, 'first_name': 'NICK', 'last_name': 'STALLONE', 'last_update': '2020-02-15T15:04:33+05:30'}, {'actor_id': 45, 'first_name': 'REESE', 'last_name': 'KILMER', 'last_update': '2020-02-15T15:04:33+05:30'}, {'actor_id': 46, 'first_name': 'PARKER', 'last_name': 'GOLDBERG', 'last_update': '2020-02-15T15:04:33+05:30'}, {'actor_id': 47, 'first_name': 'JULIA', 'last_name': 'BARRYMORE', 'last_update': '2020-02-15T15:04:33+05:30'}, {'actor_id': 48, 'first_name': 'FRANCES', 'last_name': 'DAY-LEWIS', 'last_update': '2020-02-15T15:04:33+05:30'}, {'actor_id': 49, 'first_name': 'ANNE', 'last_name': 'CRONYN', 'last_update': '2020-02-15T15:04:33+05:30'}, {'actor_id': 50, 'first_name': 'NATALIE', 'last_name': 'HOPKINS', 'last_update': '2020-02-15T15:04:33+05:30'}, {'actor_id': 51, 'first_name': 'GARY', 'last_name': 'PHOENIX', 'last_update': '2020-02-15T15:04:33+05:30'}, {'actor_id': 52, 'first_name': 'CARMEN', 'last_name': 'HUNT', 'last_update': '2020-02-15T15:04:33+05:30'}, {'actor_id': 53, 'first_name': 'MENA', 'last_name': 'TEMPLE', 'last_update': '2020-02-15T15:04:33+05:30'}, {'actor_id': 54, 'first_name': 'PENELOPE', 'last_name': 'PINKETT', 'last_update': '2020-02-15T15:04:33+05:30'}, {'actor_id': 55, 'first_name': 'FAY', 'last_name': 'KILMER', 'last_update': '2020-02-15T15:04:33+05:30'}, {'actor_id': 56, 'first_name': 'DAN', 'last_name': 'HARRIS', 'last_update': '2020-02-15T15:04:33+05:30'}, {'actor_id': 57, 'first_name': 'JUDE', 'last_name': 'CRUISE', 'last_update': '2020-02-15T15:04:33+05:30'}, {'actor_id': 58, 'first_name': 'CHRISTIAN', 'last_name': 'AKROYD', 'last_update': '2020-02-15T15:04:33+05:30'}, {'actor_id': 59, 'first_name': 'DUSTIN', 'last_name': 'TAUTOU', 'last_update': '2020-02-15T15:04:33+05:30'}, {'actor_id': 60, 'first_name': 'HENRY', 'last_name': 'BERRY', 'last_update': '2020-02-15T15:04:33+05:30'}, {'actor_id': 61, 'first_name': 'CHRISTIAN', 'last_name': 'NEESON', 'last_update': '2020-02-15T15:04:33+05:30'}, {'actor_id': 62, 'first_name': 'JAYNE', 'last_name': 'NEESON', 'last_update': '2020-02-15T15:04:33+05:30'}, {'actor_id': 63, 'first_name': 'CAMERON', 'last_name': 'WRAY', 'last_update': '2020-02-15T15:04:33+05:30'}, {'actor_id': 64, 'first_name': 'RAY', 'last_name': 'JOHANSSON', 'last_update': '2020-02-15T15:04:33+05:30'}, {'actor_id': 65, 'first_name': 'ANGELA', 'last_name': 'HUDSON', 'last_update': '2020-02-15T15:04:33+05:30'}, {'actor_id': 66, 'first_name': 'MARY', 'last_name': 'TANDY', 'last_update': '2020-02-15T15:04:33+05:30'}, {'actor_id': 67, 'first_name': 'JESSICA', 'last_name': 'BAILEY', 'last_update': '2020-02-15T15:04:33+05:30'}, {'actor_id': 68, 'first_name': 'RIP', 'last_name': 'WINSLET', 'last_update': '2020-02-15T15:04:33+05:30'}, {'actor_id': 69, 'first_name': 'KENNETH', 'last_name': 'PALTROW', 'last_update': '2020-02-15T15:04:33+05:30'}, {'actor_id': 70, 'first_name': 'MICHELLE', 'last_name': 'MCCONAUGHEY', 'last_update': '2020-02-15T15:04:33+05:30'}, {'actor_id': 71, 'first_name': 'ADAM', 'last_name': 'GRANT', 'last_update': '2020-02-15T15:04:33+05:30'}, {'actor_id': 72, 'first_name': 'SEAN', 'last_name': 'WILLIAMS', 'last_update': '2020-02-15T15:04:33+05:30'}, {'actor_id': 73, 'first_name': 'GARY', 'last_name': 'PENN', 'last_update': '2020-02-15T15:04:33+05:30'}, {'actor_id': 74, 'first_name': 'MILLA', 'last_name': 'KEITEL', 'last_update': '2020-02-15T15:04:33+05:30'}, {'actor_id': 75, 'first_name': 'BURT', 'last_name': 'POSEY', 'last_update': '2020-02-15T15:04:33+05:30'}, {'actor_id': 76, 'first_name': 'ANGELINA', 'last_name': 'ASTAIRE', 'last_update': '2020-02-15T15:04:33+05:30'}, {'actor_id': 77, 'first_name': 'CARY', 'last_name': 'MCCONAUGHEY', 'last_update': '2020-02-15T15:04:33+05:30'}, {'actor_id': 78, 'first_name': 'GROUCHO', 'last_name': 'SINATRA', 'last_update': '2020-02-15T15:04:33+05:30'}, {'actor_id': 79, 'first_name': 'MAE', 'last_name': 'HOFFMAN', 'last_update': '2020-02-15T15:04:33+05:30'}, {'actor_id': 80, 'first_name': 'RALPH', 'last_name': 'CRUZ', 'last_update': '2020-02-15T15:04:33+05:30'}, {'actor_id': 81, 'first_name': 'SCARLETT', 'last_name': 'DAMON', 'last_update': '2020-02-15T15:04:33+05:30'}, {'actor_id': 82, 'first_name': 'WOODY', 'last_name': 'JOLIE', 'last_update': '2020-02-15T15:04:33+05:30'}, {'actor_id': 83, 'first_name': 'BEN', 'last_name': 'WILLIS', 'last_update': '2020-02-15T15:04:33+05:30'}, {'actor_id': 84, 'first_name': 'JAMES', 'last_name': 'PITT', 'last_update': '2020-02-15T15:04:33+05:30'}, {'actor_id': 85, 'first_name': 'MINNIE', 'last_name': 'ZELLWEGER', 'last_update': '2020-02-15T15:04:33+05:30'}, {'actor_id': 86, 'first_name': 'GREG', 'last_name': 'CHAPLIN', 'last_update': '2020-02-15T15:04:33+05:30'}, {'actor_id': 87, 'first_name': 'SPENCER', 'last_name': 'PECK', 'last_update': '2020-02-15T15:04:33+05:30'}, {'actor_id': 88, 'first_name': 'KENNETH', 'last_name': 'PESCI', 'last_update': '2020-02-15T15:04:33+05:30'}, {'actor_id': 89, 'first_name': 'CHARLIZE', 'last_name': 'DENCH', 'last_update': '2020-02-15T15:04:33+05:30'}, {'actor_id': 90, 'first_name': 'SEAN', 'last_name': 'GUINESS', 'last_update': '2020-02-15T15:04:33+05:30'}, {'actor_id': 91, 'first_name': 'CHRISTOPHER', 'last_name': 'BERRY', 'last_update': '2020-02-15T15:04:33+05:30'}, {'actor_id': 92, 'first_name': 'KIRSTEN', 'last_name': 'AKROYD', 'last_update': '2020-02-15T15:04:33+05:30'}, {'actor_id': 93, 'first_name': 'ELLEN', 'last_name': 'PRESLEY', 'last_update': '2020-02-15T15:04:33+05:30'}, {'actor_id': 94, 'first_name': 'KENNETH', 'last_name': 'TORN', 'last_update': '2020-02-15T15:04:33+05:30'}, {'actor_id': 95, 'first_name': 'DARYL', 'last_name': 'WAHLBERG', 'last_update': '2020-02-15T15:04:33+05:30'}, {'actor_id': 96, 'first_name': 'GENE', 'last_name': 'WILLIS', 'last_update': '2020-02-15T15:04:33+05:30'}, {'actor_id': 97, 'first_name': 'MEG', 'last_name': 'HAWKE', 'last_update': '2020-02-15T15:04:33+05:30'}, {'actor_id': 98, 'first_name': 'CHRIS', 'last_name': 'BRIDGES', 'last_update': '2020-02-15T15:04:33+05:30'}, {'actor_id': 99, 'first_name': 'JIM', 'last_name': 'MOSTEL', 'last_update': '2020-02-15T15:04:33+05:30'}, {'actor_id': 100, 'first_name': 'SPENCER', 'last_name': 'DEPP', 'last_update': '2020-02-15T15:04:33+05:30'}]</msg>
<arg>${response}</arg>
<arg>console=True</arg>
<doc>Logs the given message with the given level.</doc>
<status status="PASS" start="2025-12-24T18:47:40.514654" elapsed="0.001015"/>
</kw>
<kw name="Should Be True" owner="BuiltIn">
<arg>${response} is not None</arg>
<doc>Fails if the given condition is not true.</doc>
<status status="PASS" start="2025-12-24T18:47:40.516675" elapsed="0.000995"/>
</kw>
<kw name="Log" owner="BuiltIn">
<msg time="2025-12-24T18:47:40.517670" level="INFO">Retrieved films successfully</msg>
<arg>Retrieved films successfully</arg>
<doc>Logs the given message with the given level.</doc>
<status status="PASS" start="2025-12-24T18:47:40.517670" elapsed="0.000000"/>
</kw>
<doc>Retrieve all actors via GET request</doc>
<tag>GET</tag>
<tag>JSON</tag>
<status status="PASS" start="2025-12-24T18:47:40.507547" elapsed="0.011122"/>
</test>
<test id="s1-t3" name="Test GET Single Actor" line="71">
<kw name="Set Base Url" owner="APIKeywords">
<msg time="2025-12-24T18:47:40.519667" level="INFO">Base URL set to: http://127.0.0.1:8000</msg>
<arg>${BASE_URL}</arg>
<doc>Set the base URL for API requests</doc>
<status status="PASS" start="2025-12-24T18:47:40.518669" elapsed="0.000998"/>
</kw>
<kw name="Perform Get Request" owner="APIKeywords">
<msg time="2025-12-24T18:47:40.525667" level="INFO">GET request to http://127.0.0.1:8000/table/actor/100</msg>
<msg time="2025-12-24T18:47:40.525667" level="INFO">Status Code: 200</msg>
<msg time="2025-12-24T18:47:40.526667" level="INFO">Response Time: 0.005843s</msg>
<arg>${TABLE_ENDPOINT}/100</arg>
<doc>Perform GET request</doc>
<status status="PASS" start="2025-12-24T18:47:40.519667" elapsed="0.007000"/>
</kw>
<kw name="Response Status Code Should Be" owner="APIKeywords">
<msg time="2025-12-24T18:47:40.526667" level="INFO">Status code 200 matches expected 200</msg>
<arg>200</arg>
<doc>Verify response status code</doc>
<status status="PASS" start="2025-12-24T18:47:40.526667" elapsed="0.000000"/>
</kw>
<kw name="Get Response Body" owner="APIKeywords">
<msg time="2025-12-24T18:47:40.527668" level="INFO">${response} = {'actor_id': 100, 'first_name': 'SPENCER', 'last_name': 'DEPP', 'last_update': '2020-02-15T15:04:33+05:30'}</msg>
<var>${response}</var>
<doc>Get the last response body</doc>
<status status="PASS" start="2025-12-24T18:47:40.527668" elapsed="0.000000"/>
</kw>
<kw name="Log" owner="BuiltIn">
<msg time="2025-12-24T18:47:40.527668" level="INFO">{'actor_id': 100, 'first_name': 'SPENCER', 'last_name': 'DEPP', 'last_update': '2020-02-15T15:04:33+05:30'}</msg>
<arg>${response}</arg>
<arg>console=True</arg>
<doc>Logs the given message with the given level.</doc>
<status status="PASS" start="2025-12-24T18:47:40.527668" elapsed="0.001002"/>
</kw>
<kw name="Response Json Should Contain Key" owner="APIKeywords">
<msg time="2025-12-24T18:47:40.528670" level="INFO">Response JSON contains key: actor_id</msg>
<arg>actor_id</arg>
<doc>Verify response JSON contains a specific key</doc>
<status status="PASS" start="2025-12-24T18:47:40.528670" elapsed="0.000000"/>
</kw>
<doc>Retrieve a specific actor via GET request</doc>
<tag>GET</tag>
<tag>JSON</tag>
<status status="PASS" start="2025-12-24T18:47:40.518669" elapsed="0.010001"/>
</test>
<test id="s1-t4" name="Test PUT Update Actor with JSON" line="86">
<kw name="Set Base Url" owner="APIKeywords">
<msg time="2025-12-24T18:47:40.530668" level="INFO">Base URL set to: http://127.0.0.1:8000</msg>
<arg>${BASE_URL}</arg>
<doc>Set the base URL for API requests</doc>
<status status="PASS" start="2025-12-24T18:47:40.529669" elapsed="0.000999"/>
</kw>
<kw name="Set Variable" owner="BuiltIn">
<msg time="2025-12-24T18:47:40.530668" level="INFO">${actor_id} = 100</msg>
<var>${actor_id}</var>
<arg>100</arg>
<doc>Returns the given values which can then be assigned to a variables.</doc>
<status status="PASS" start="2025-12-24T18:47:40.530668" elapsed="0.000000"/>
</kw>
<kw name="Create Dictionary" owner="BuiltIn">
<msg time="2025-12-24T18:47:40.530668" level="INFO">${update_payload} = {'first_name': 'Steve', 'last_name': 'Rogers'}</msg>
<var>${update_payload}</var>
<arg>first_name=Steve</arg>
<arg>last_name=Rogers</arg>
<doc>Creates and returns a dictionary based on the given ``items``.</doc>
<status status="PASS" start="2025-12-24T18:47:40.530668" elapsed="0.000000"/>
</kw>
<kw name="Perform Put Request" owner="APIKeywords">
<msg time="2025-12-24T18:47:40.541368" level="INFO">PUT request to http://127.0.0.1:8000/table/actor/100</msg>
<msg time="2025-12-24T18:47:40.541368" level="INFO">Status Code: 200</msg>
<msg time="2025-12-24T18:47:40.541368" level="INFO">Response Time: 0.008867s</msg>
<arg>${TABLE_ENDPOINT}/${actor_id}</arg>
<arg>${update_payload}</arg>
<arg>payload_type=json</arg>
<doc>Perform PUT request</doc>
<status status="PASS" start="2025-12-24T18:47:40.531669" elapsed="0.009699"/>
</kw>
<kw name="Response Status Code Should Be" owner="APIKeywords">
<msg time="2025-12-24T18:47:40.542364" level="INFO">Status code 200 matches expected 200</msg>
<arg>200</arg>
<doc>Verify response status code</doc>
<status status="PASS" start="2025-12-24T18:47:40.542364" elapsed="0.000000"/>
</kw>
<kw name="Get Response Body" owner="APIKeywords">
<msg time="2025-12-24T18:47:40.542364" level="INFO">${response} = {'actor_id': 100, 'first_name': 'Steve', 'last_name': 'Rogers', 'last_update': '2025-12-24T18:47:40.535245+05:30'}</msg>
<var>${response}</var>
<doc>Get the last response body</doc>
<status status="PASS" start="2025-12-24T18:47:40.542364" elapsed="0.000000"/>
</kw>
<kw name="Log" owner="BuiltIn">
<msg time="2025-12-24T18:47:40.543366" level="INFO">{'actor_id': 100, 'first_name': 'Steve', 'last_name': 'Rogers', 'last_update': '2025-12-24T18:47:40.535245+05:30'}</msg>
<arg>${response}</arg>
<arg>console=True</arg>
<doc>Logs the given message with the given level.</doc>
<status status="PASS" start="2025-12-24T18:47:40.543366" elapsed="0.000000"/>
</kw>
<kw name="Connect To Database" owner="DatabaseKeywords">
<msg time="2025-12-24T18:47:40.582488" level="INFO">Connected to database: greencycles on localhost:5432</msg>
<arg>${DB_HOST}</arg>
<arg>${DB_NAME}</arg>
<arg>${DB_USER}</arg>
<arg>${DB_PASSWORD}</arg>
<doc>Connect to PostgreSQL database</doc>
<status status="PASS" start="2025-12-24T18:47:40.543366" elapsed="0.039122"/>
</kw>
<kw name="Verify Record Change" owner="DatabaseKeywords">
<msg time="2025-12-24T18:47:40.585488" level="INFO">Query executed: SELECT * FROM actor WHERE actor_id = 100</msg>
<msg time="2025-12-24T18:47:40.585488" level="INFO">Rows returned: 1</msg>
<msg time="2025-12-24T18:47:40.585488" level="INFO">Record actor_id=100 updated: first_name changed from (any) to Steve</msg>
<arg>actor</arg>
<arg>actor_id</arg>
<arg>${actor_id}</arg>
<arg>first_name</arg>
<arg>(any)</arg>
<arg>Steve</arg>
<doc>Verify that a record was changed</doc>
<status status="PASS" start="2025-12-24T18:47:40.583488" elapsed="0.002000"/>
</kw>
<kw name="Table Row Column Value Should Be" owner="DatabaseKeywords">
<msg time="2025-12-24T18:47:40.586488" level="INFO">Query executed: SELECT last_name FROM actor WHERE actor_id = 100</msg>
<msg time="2025-12-24T18:47:40.586488" level="INFO">Rows returned: 1</msg>
<msg time="2025-12-24T18:47:40.586488" level="INFO">Column last_name = Rogers</msg>
<arg>actor</arg>
<arg>actor_id = ${actor_id}</arg>
<arg>last_name</arg>
<arg>Rogers</arg>
<doc>Verify specific column value in a row</doc>
<status status="PASS" start="2025-12-24T18:47:40.585488" elapsed="0.001000"/>
</kw>
<kw name="Disconnect From Database" owner="DatabaseKeywords">
<msg time="2025-12-24T18:47:40.586488" level="INFO">Disconnected from database</msg>
<doc>Disconnect from database</doc>
<status status="PASS" start="2025-12-24T18:47:40.586488" elapsed="0.000000"/>
</kw>
<doc>Update an existing actor and validate changes in database</doc>
<tag>Database</tag>
<tag>JSON</tag>
<tag>PUT</tag>
<status status="PASS" start="2025-12-24T18:47:40.529669" elapsed="0.056819"/>
</test>
<test id="s1-t5" name="Test DELETE Actor Record" line="115">
<kw name="Set Base Url" owner="APIKeywords">
<msg time="2025-12-24T18:47:40.587488" level="INFO">Base URL set to: http://127.0.0.1:8000</msg>
<arg>${BASE_URL}</arg>
<doc>Set the base URL for API requests</doc>
<status status="PASS" start="2025-12-24T18:47:40.587488" elapsed="0.000000"/>
</kw>
<kw name="Create Dictionary" owner="BuiltIn">
<msg time="2025-12-24T18:47:40.588488" level="INFO">${payload} = {'first_name': 'Ivaan', 'last_name': 'Rai'}</msg>
<var>${payload}</var>
<arg>first_name=Ivaan</arg>
<arg>last_name=Rai</arg>
<doc>Creates and returns a dictionary based on the given ``items``.</doc>
<status status="PASS" start="2025-12-24T18:47:40.588488" elapsed="0.000000"/>
</kw>
<kw name="Perform Post Request" owner="APIKeywords">
<msg time="2025-12-24T18:47:40.595489" level="INFO">POST request to http://127.0.0.1:8000/table/actor</msg>
<msg time="2025-12-24T18:47:40.595489" level="INFO">Payload Type: json</msg>
<msg time="2025-12-24T18:47:40.595489" level="INFO">Status Code: 200</msg>
<msg time="2025-12-24T18:47:40.595489" level="INFO">Response Time: 0.005384s</msg>
<arg>${TABLE_ENDPOINT}</arg>
<arg>${payload}</arg>
<arg>payload_type=json</arg>
<doc>Perform POST request</doc>
<status status="PASS" start="2025-12-24T18:47:40.588488" elapsed="0.007001"/>
</kw>
<kw name="Get Response Json Value" owner="APIKeywords">
<msg time="2025-12-24T18:47:40.596490" level="INFO">${actor_id} = 224</msg>
<var>${actor_id}</var>
<arg>actor_id</arg>
<doc>Get value from response JSON by key</doc>
<status status="PASS" start="2025-12-24T18:47:40.595489" elapsed="0.001001"/>
</kw>
<kw name="Get Response Body" owner="APIKeywords">
<msg time="2025-12-24T18:47:40.596490" level="INFO">${response} = {'actor_id': 224, 'first_name': 'Ivaan', 'last_name': 'Rai', 'last_update': '2025-12-24T18:47:40.591953+05:30'}</msg>
<var>${response}</var>
<doc>Get the last response body</doc>
<status status="PASS" start="2025-12-24T18:47:40.596490" elapsed="0.000000"/>
</kw>
<kw name="Log" owner="BuiltIn">
<msg time="2025-12-24T18:47:40.596490" level="INFO">Created film to delete: {'actor_id': 224, 'first_name': 'Ivaan', 'last_name': 'Rai', 'last_update': '2025-12-24T18:47:40.591953+05:30'}</msg>
<arg>Created film to delete: ${response}</arg>
<arg>console=True</arg>
<doc>Logs the given message with the given level.</doc>
<status status="PASS" start="2025-12-24T18:47:40.596490" elapsed="0.000000"/>
</kw>
<kw name="Perform Delete Request" owner="APIKeywords">
<msg time="2025-12-24T18:47:40.602510" level="INFO">DELETE request to http://127.0.0.1:8000/table/actor/224</msg>
<msg time="2025-12-24T18:47:40.602510" level="INFO">Status Code: 200</msg>
<msg time="2025-12-24T18:47:40.602510" level="INFO">Response Time: 0.004249s</msg>
<arg>${TABLE_ENDPOINT}/${actor_id}</arg>
<doc>Perform DELETE request</doc>
<status status="PASS" start="2025-12-24T18:47:40.597511" elapsed="0.004999"/>
</kw>
<kw name="Response Status Code Should Be" owner="APIKeywords">
<msg time="2025-12-24T18:47:40.603509" level="INFO">Status code 200 matches expected 200</msg>
<arg>200</arg>
<doc>Verify response status code</doc>
<status status="PASS" start="2025-12-24T18:47:40.602510" elapsed="0.000999"/>
</kw>
<kw name="Get Response Body" owner="APIKeywords">
<msg time="2025-12-24T18:47:40.603509" level="INFO">${Delete_response} = {'status': 'deleted'}</msg>
<var>${Delete_response}</var>
<doc>Get the last response body</doc>
<status status="PASS" start="2025-12-24T18:47:40.603509" elapsed="0.000000"/>
</kw>
<kw name="Log" owner="BuiltIn">
<msg time="2025-12-24T18:47:40.603509" level="INFO">Deleted actor response: {'status': 'deleted'}</msg>
<arg>Deleted actor response: ${Delete_response}</arg>
<arg>console=True</arg>
<doc>Logs the given message with the given level.</doc>
<status status="PASS" start="2025-12-24T18:47:40.603509" elapsed="0.001000"/>
</kw>
<kw name="Connect To Database" owner="DatabaseKeywords">
<msg time="2025-12-24T18:47:40.646541" level="INFO">Connected to database: greencycles on localhost:5432</msg>
<arg>${DB_HOST}</arg>
<arg>${DB_NAME}</arg>
<arg>${DB_USER}</arg>
<arg>${DB_PASSWORD}</arg>
<doc>Connect to PostgreSQL database</doc>
<status status="PASS" start="2025-12-24T18:47:40.604509" elapsed="0.042032"/>
</kw>
<kw name="Verify Record Deleted" owner="DatabaseKeywords">
<msg time="2025-12-24T18:47:40.651024" level="INFO">Query executed: SELECT COUNT(*) as count FROM actor WHERE actor_id = 224</msg>
<msg time="2025-12-24T18:47:40.651024" level="INFO">Rows returned: 1</msg>
<msg time="2025-12-24T18:47:40.651024" level="INFO">Record deleted from actor with actor_id=224</msg>
<arg>actor</arg>
<arg>actor_id</arg>
<arg>${actor_id}</arg>
<doc>Verify that a record was deleted</doc>
<status status="PASS" start="2025-12-24T18:47:40.648010" elapsed="0.003014"/>
</kw>
<kw name="Disconnect From Database" owner="DatabaseKeywords">
<msg time="2025-12-24T18:47:40.651024" level="INFO">Disconnected from database</msg>
<doc>Disconnect from database</doc>
<status status="PASS" start="2025-12-24T18:47:40.651024" elapsed="0.000998"/>
</kw>
<doc>Delete an actor record and validate deletion in database</doc>
<tag>Database</tag>
<tag>DELETE</tag>
<status status="PASS" start="2025-12-24T18:47:40.587488" elapsed="0.064534"/>
</test>
<test id="s1-t6" name="Test POST Actor Without Required Field" line="143">
<kw name="Set Base Url" owner="APIKeywords">
<msg time="2025-12-24T18:47:40.653023" level="INFO">Base URL set to: http://127.0.0.1:8000</msg>
<arg>${BASE_URL}</arg>
<doc>Set the base URL for API requests</doc>
<status status="PASS" start="2025-12-24T18:47:40.653023" elapsed="0.000995"/>
</kw>
<kw name="Create Dictionary" owner="BuiltIn">
<msg time="2025-12-24T18:47:40.654018" level="INFO">${invalid_payload} = {'last_name': 'NoFirstName'}</msg>
<var>${invalid_payload}</var>
<arg>last_name=NoFirstName</arg>
<doc>Creates and returns a dictionary based on the given ``items``.</doc>
<status status="PASS" start="2025-12-24T18:47:40.654018" elapsed="0.000000"/>
</kw>
<kw name="Perform Post Request" owner="APIKeywords">
<msg time="2025-12-24T18:47:40.668819" level="INFO">POST request to http://127.0.0.1:8000/table/actor</msg>
<msg time="2025-12-24T18:47:40.668819" level="INFO">Payload Type: json</msg>
<msg time="2025-12-24T18:47:40.668819" level="INFO">Status Code: 500</msg>
<msg time="2025-12-24T18:47:40.668819" level="INFO">Response Time: 0.013132s</msg>
<arg>${TABLE_ENDPOINT}</arg>
<arg>${invalid_payload}</arg>
<arg>payload_type=json</arg>
<doc>Perform POST request</doc>
<status status="PASS" start="2025-12-24T18:47:40.655042" elapsed="0.013777"/>
</kw>
<kw name="Response Status Code Should Be" owner="APIKeywords">
<msg time="2025-12-24T18:47:40.669820" level="INFO">Status code 500 matches expected 500</msg>
<arg>500</arg>
<doc>Verify response status code</doc>
<status status="PASS" start="2025-12-24T18:47:40.669820" elapsed="0.000000"/>
</kw>
<doc>Verify API validation for required fields</doc>
<tag>POST</tag>
<tag>Validation</tag>
<status status="PASS" start="2025-12-24T18:47:40.652022" elapsed="0.017798"/>
</test>
<kw name="Suite Teardown Steps" type="TEARDOWN">
<kw name="Log" owner="BuiltIn">
<msg time="2025-12-24T18:47:40.671820" level="INFO">Test Suite Completed</msg>
<arg>Test Suite Completed</arg>
<doc>Logs the given message with the given level.</doc>
<status status="PASS" start="2025-12-24T18:47:40.671820" elapsed="0.000000"/>
</kw>
<doc>Cleanup after test suite</doc>
<status status="PASS" start="2025-12-24T18:47:40.670821" elapsed="0.000999"/>
</kw>
<doc>API Automation Tests - POST, GET, PUT, DELETE with JSON Payload</doc>
<status status="PASS" start="2025-12-24T18:47:39.532920" elapsed="1.138900"/>
</suite>
<statistics>
<total>
<stat pass="6" fail="0" skip="0">All Tests</stat>
</total>
<tag>
<stat pass="3" fail="0" skip="0">Database</stat>
<stat pass="1" fail="0" skip="0">DELETE</stat>
<stat pass="2" fail="0" skip="0">GET</stat>
<stat pass="4" fail="0" skip="0">JSON</stat>
<stat pass="2" fail="0" skip="0">POST</stat>
<stat pass="1" fail="0" skip="0">PUT</stat>
<stat pass="1" fail="0" skip="0">Validation</stat>
</tag>
<suite>
<stat pass="6" fail="0" skip="0" id="s1" name="Api Json Actor Tests">Api Json Actor Tests</stat>
</suite>
</statistics>
<errors>
</errors>
</robot>
